==53245== Memcheck, a memory error detector
==53245== Copyright (C) 2002-2017, and GNU GPL'd, by Julian Seward et al.
==53245== Using Valgrind-3.18.1 and LibVEX; rerun with -h for copyright info
==53245== Command: ./miniRT DIRmaps/5sp.rt
==53245== 
[1;32mcorrect extension[0m
[[1;31mA[0m]
[[1;31mC[0m]
[[1;31m [0m]
[42mfinished[49m READING THE MAP 1 TIME
[1;33m	allocation[0m
set back [1;33mSTRUCT[0m zero again 
	*[1;33mSETTING UP AMBIENT LIGHTING[0m**
Parsing color (255,255,255 )

	[1;36m*SETTING UP CAMERA[0m*
Parsing vector (-50.0,0,20)
Parsing vector (0.8,0,-0.51)
	*[1;35mSETTING UP LIGHTS*[0m
Parsing vector (-40.0,50.0,0.0)
Parsing color (10,0,255 )

	[1;31m*SETTING UP SPHERES*[0m
Parsing vector (0.0,0.0,20.6)
Parsing color (10,0,255 )

	[1;31m*SETTING UP SPHERES*[0m
Parsing vector (10.0,0.0,20.6)
Parsing color (20,0,255 )

	[1;31m*SETTING UP SPHERES*[0m
Parsing vector (20.0,0.0,20.6)
Parsing color (30,0,255 )

	[1;31m*SETTING UP SPHERES*[0m
Parsing vector (30.0,0.0,20.6)
Parsing color (40,0,255 )

	[1;31m*SETTING UP SPHERES*[0m
Parsing vector (40.0,0.0,20.6)
Parsing color (50,0,255 )
[[1;31m [0m]
[1;33mmlx_init has started[0m
[43mgetting address in img_data[0m
==53245== Conditional jump or move depends on uninitialised value(s)
==53245==    at 0x10E05F: add (vector_operations.c:22)
==53245==    by 0x113AD2: prepare_computations (computation.c:44)
==53245==    by 0x110E96: each_pixel_calculation (cast_ray_helper.c:54)
==53245==    by 0x110D0C: cast_rays (cast_ray.c:85)
==53245==    by 0x10B214: draw_scene (draw_scene.c:67)
==53245==    by 0x10AB98: manage_mlx (manage_mlx.c:169)
==53245==    by 0x10A7BB: main (main.c:66)
==53245==  Uninitialised value was created by a stack allocation
==53245==    at 0x110DE9: each_pixel_calculation (cast_ray_helper.c:49)
==53245== 
==53245== Conditional jump or move depends on uninitialised value(s)
==53245==    at 0x10E5DC: magnitude (complex_operations.c:41)
==53245==    by 0x11393F: is_shadowed (is_shadowed.c:68)
==53245==    by 0x113DBC: shade_hit (computation.c:63)
==53245==    by 0x110ED2: each_pixel_calculation (cast_ray_helper.c:55)
==53245==    by 0x110D0C: cast_rays (cast_ray.c:85)
==53245==    by 0x10B214: draw_scene (draw_scene.c:67)
==53245==    by 0x10AB98: manage_mlx (manage_mlx.c:169)
==53245==    by 0x10A7BB: main (main.c:66)
==53245==  Uninitialised value was created by a stack allocation
==53245==    at 0x111480: intersect_sphere (intersection_sphere.c:16)
==53245== 
==53245== Conditional jump or move depends on uninitialised value(s)
==53245==    at 0x10E362: normalization (complex_operations.c:22)
==53245==    by 0x113982: is_shadowed (is_shadowed.c:70)
==53245==    by 0x113DBC: shade_hit (computation.c:63)
==53245==    by 0x110ED2: each_pixel_calculation (cast_ray_helper.c:55)
==53245==    by 0x110D0C: cast_rays (cast_ray.c:85)
==53245==    by 0x10B214: draw_scene (draw_scene.c:67)
==53245==    by 0x10AB98: manage_mlx (manage_mlx.c:169)
==53245==    by 0x10A7BB: main (main.c:66)
==53245==  Uninitialised value was created by a stack allocation
==53245==    at 0x111480: intersect_sphere (intersection_sphere.c:16)
==53245== 
==53245== Conditional jump or move depends on uninitialised value(s)
==53245==    at 0x10E374: normalization (complex_operations.c:22)
==53245==    by 0x113982: is_shadowed (is_shadowed.c:70)
==53245==    by 0x113DBC: shade_hit (computation.c:63)
==53245==    by 0x110ED2: each_pixel_calculation (cast_ray_helper.c:55)
==53245==    by 0x110D0C: cast_rays (cast_ray.c:85)
==53245==    by 0x10B214: draw_scene (draw_scene.c:67)
==53245==    by 0x10AB98: manage_mlx (manage_mlx.c:169)
==53245==    by 0x10A7BB: main (main.c:66)
==53245==  Uninitialised value was created by a stack allocation
==53245==    at 0x111480: intersect_sphere (intersection_sphere.c:16)
==53245== 
==53245== Conditional jump or move depends on uninitialised value(s)
==53245==    at 0x10E3B5: normalization (complex_operations.c:0)
==53245==    by 0x113982: is_shadowed (is_shadowed.c:70)
==53245==    by 0x113DBC: shade_hit (computation.c:63)
==53245==    by 0x110ED2: each_pixel_calculation (cast_ray_helper.c:55)
==53245==    by 0x110D0C: cast_rays (cast_ray.c:85)
==53245==    by 0x10B214: draw_scene (draw_scene.c:67)
==53245==    by 0x10AB98: manage_mlx (manage_mlx.c:169)
==53245==    by 0x10A7BB: main (main.c:66)
==53245==  Uninitialised value was created by a stack allocation
==53245==    at 0x111480: intersect_sphere (intersection_sphere.c:16)
==53245== 
==53245== Conditional jump or move depends on uninitialised value(s)
==53245==    at 0x10E464: normalization (complex_operations.c:31)
==53245==    by 0x113982: is_shadowed (is_shadowed.c:70)
==53245==    by 0x113DBC: shade_hit (computation.c:63)
==53245==    by 0x110ED2: each_pixel_calculation (cast_ray_helper.c:55)
==53245==    by 0x110D0C: cast_rays (cast_ray.c:85)
==53245==    by 0x10B214: draw_scene (draw_scene.c:67)
==53245==    by 0x10AB98: manage_mlx (manage_mlx.c:169)
==53245==    by 0x10A7BB: main (main.c:66)
==53245==  Uninitialised value was created by a stack allocation
==53245==    at 0x111480: intersect_sphere (intersection_sphere.c:16)
==53245== 
==53245== Conditional jump or move depends on uninitialised value(s)
==53245==    at 0x10E4B6: normalization (complex_operations.c:33)
==53245==    by 0x113982: is_shadowed (is_shadowed.c:70)
==53245==    by 0x113DBC: shade_hit (computation.c:63)
==53245==    by 0x110ED2: each_pixel_calculation (cast_ray_helper.c:55)
==53245==    by 0x110D0C: cast_rays (cast_ray.c:85)
==53245==    by 0x10B214: draw_scene (draw_scene.c:67)
==53245==    by 0x10AB98: manage_mlx (manage_mlx.c:169)
==53245==    by 0x10A7BB: main (main.c:66)
==53245==  Uninitialised value was created by a stack allocation
==53245==    at 0x111480: intersect_sphere (intersection_sphere.c:16)
==53245== 
==53245== Conditional jump or move depends on uninitialised value(s)
==53245==    at 0x10E527: normalization (complex_operations.c:34)
==53245==    by 0x113982: is_shadowed (is_shadowed.c:70)
==53245==    by 0x113DBC: shade_hit (computation.c:63)
==53245==    by 0x110ED2: each_pixel_calculation (cast_ray_helper.c:55)
==53245==    by 0x110D0C: cast_rays (cast_ray.c:85)
==53245==    by 0x10B214: draw_scene (draw_scene.c:67)
==53245==    by 0x10AB98: manage_mlx (manage_mlx.c:169)
==53245==    by 0x10A7BB: main (main.c:66)
==53245==  Uninitialised value was created by a stack allocation
==53245==    at 0x111480: intersect_sphere (intersection_sphere.c:16)
==53245== 
==53245== Conditional jump or move depends on uninitialised value(s)
==53245==    at 0x10E362: normalization (complex_operations.c:22)
==53245==    by 0x1108B7: transform_ray (transformation_ray.c:22)
==53245==    by 0x111504: intersect_sphere (intersection_sphere.c:30)
==53245==    by 0x1137D1: intersect_world (is_shadowed.c:32)
==53245==    by 0x1139BC: is_shadowed (is_shadowed.c:71)
==53245==    by 0x113DBC: shade_hit (computation.c:63)
==53245==    by 0x110ED2: each_pixel_calculation (cast_ray_helper.c:55)
==53245==    by 0x110D0C: cast_rays (cast_ray.c:85)
==53245==    by 0x10B214: draw_scene (draw_scene.c:67)
==53245==    by 0x10AB98: manage_mlx (manage_mlx.c:169)
==53245==    by 0x10A7BB: main (main.c:66)
==53245==  Uninitialised value was created by a stack allocation
==53245==    at 0x111480: intersect_sphere (intersection_sphere.c:16)
==53245== 
==53245== Conditional jump or move depends on uninitialised value(s)
==53245==    at 0x10E374: normalization (complex_operations.c:22)
==53245==    by 0x1108B7: transform_ray (transformation_ray.c:22)
==53245==    by 0x111504: intersect_sphere (intersection_sphere.c:30)
==53245==    by 0x1137D1: intersect_world (is_shadowed.c:32)
==53245==    by 0x1139BC: is_shadowed (is_shadowed.c:71)
==53245==    by 0x113DBC: shade_hit (computation.c:63)
==53245==    by 0x110ED2: each_pixel_calculation (cast_ray_helper.c:55)
==53245==    by 0x110D0C: cast_rays (cast_ray.c:85)
==53245==    by 0x10B214: draw_scene (draw_scene.c:67)
==53245==    by 0x10AB98: manage_mlx (manage_mlx.c:169)
==53245==    by 0x10A7BB: main (main.c:66)
==53245==  Uninitialised value was created by a stack allocation
==53245==    at 0x111480: intersect_sphere (intersection_sphere.c:16)
==53245== 
==53245== Conditional jump or move depends on uninitialised value(s)
==53245==    at 0x10E3B5: normalization (complex_operations.c:0)
==53245==    by 0x1108B7: transform_ray (transformation_ray.c:22)
==53245==    by 0x111504: intersect_sphere (intersection_sphere.c:30)
==53245==    by 0x1137D1: intersect_world (is_shadowed.c:32)
==53245==    by 0x1139BC: is_shadowed (is_shadowed.c:71)
==53245==    by 0x113DBC: shade_hit (computation.c:63)
==53245==    by 0x110ED2: each_pixel_calculation (cast_ray_helper.c:55)
==53245==    by 0x110D0C: cast_rays (cast_ray.c:85)
==53245==    by 0x10B214: draw_scene (draw_scene.c:67)
==53245==    by 0x10AB98: manage_mlx (manage_mlx.c:169)
==53245==    by 0x10A7BB: main (main.c:66)
==53245==  Uninitialised value was created by a stack allocation
==53245==    at 0x111480: intersect_sphere (intersection_sphere.c:16)
==53245== 
==53245== Conditional jump or move depends on uninitialised value(s)
==53245==    at 0x10E464: normalization (complex_operations.c:31)
==53245==    by 0x1108B7: transform_ray (transformation_ray.c:22)
==53245==    by 0x111504: intersect_sphere (intersection_sphere.c:30)
==53245==    by 0x1137D1: intersect_world (is_shadowed.c:32)
==53245==    by 0x1139BC: is_shadowed (is_shadowed.c:71)
==53245==    by 0x113DBC: shade_hit (computation.c:63)
==53245==    by 0x110ED2: each_pixel_calculation (cast_ray_helper.c:55)
==53245==    by 0x110D0C: cast_rays (cast_ray.c:85)
==53245==    by 0x10B214: draw_scene (draw_scene.c:67)
==53245==    by 0x10AB98: manage_mlx (manage_mlx.c:169)
==53245==    by 0x10A7BB: main (main.c:66)
==53245==  Uninitialised value was created by a stack allocation
==53245==    at 0x111480: intersect_sphere (intersection_sphere.c:16)
==53245== 
==53245== Conditional jump or move depends on uninitialised value(s)
==53245==    at 0x10E4B6: normalization (complex_operations.c:33)
==53245==    by 0x1108B7: transform_ray (transformation_ray.c:22)
==53245==    by 0x111504: intersect_sphere (intersection_sphere.c:30)
==53245==    by 0x1137D1: intersect_world (is_shadowed.c:32)
==53245==    by 0x1139BC: is_shadowed (is_shadowed.c:71)
==53245==    by 0x113DBC: shade_hit (computation.c:63)
==53245==    by 0x110ED2: each_pixel_calculation (cast_ray_helper.c:55)
==53245==    by 0x110D0C: cast_rays (cast_ray.c:85)
==53245==    by 0x10B214: draw_scene (draw_scene.c:67)
==53245==    by 0x10AB98: manage_mlx (manage_mlx.c:169)
==53245==    by 0x10A7BB: main (main.c:66)
==53245==  Uninitialised value was created by a stack allocation
==53245==    at 0x111480: intersect_sphere (intersection_sphere.c:16)
==53245== 
==53245== Conditional jump or move depends on uninitialised value(s)
==53245==    at 0x10E527: normalization (complex_operations.c:34)
==53245==    by 0x1108B7: transform_ray (transformation_ray.c:22)
==53245==    by 0x111504: intersect_sphere (intersection_sphere.c:30)
==53245==    by 0x1137D1: intersect_world (is_shadowed.c:32)
==53245==    by 0x1139BC: is_shadowed (is_shadowed.c:71)
==53245==    by 0x113DBC: shade_hit (computation.c:63)
==53245==    by 0x110ED2: each_pixel_calculation (cast_ray_helper.c:55)
==53245==    by 0x110D0C: cast_rays (cast_ray.c:85)
==53245==    by 0x10B214: draw_scene (draw_scene.c:67)
==53245==    by 0x10AB98: manage_mlx (manage_mlx.c:169)
==53245==    by 0x10A7BB: main (main.c:66)
==53245==  Uninitialised value was created by a stack allocation
==53245==    at 0x111480: intersect_sphere (intersection_sphere.c:16)
==53245== 
==53245== Conditional jump or move depends on uninitialised value(s)
==53245==    at 0x10E112: subtract (vector_operations.c:37)
==53245==    by 0x110689: get_sphere_to_ray (intersection_ray.c:24)
==53245==    by 0x111579: intersect_sphere (intersection_sphere.c:33)
==53245==    by 0x1137D1: intersect_world (is_shadowed.c:32)
==53245==    by 0x1139BC: is_shadowed (is_shadowed.c:71)
==53245==    by 0x113DBC: shade_hit (computation.c:63)
==53245==    by 0x110ED2: each_pixel_calculation (cast_ray_helper.c:55)
==53245==    by 0x110D0C: cast_rays (cast_ray.c:85)
==53245==    by 0x10B214: draw_scene (draw_scene.c:67)
==53245==    by 0x10AB98: manage_mlx (manage_mlx.c:169)
==53245==    by 0x10A7BB: main (main.c:66)
==53245==  Uninitialised value was created by a stack allocation
==53245==    at 0x111480: intersect_sphere (intersection_sphere.c:16)
==53245== 
==53245== Conditional jump or move depends on uninitialised value(s)
==53245==    at 0x1115EF: intersect_sphere (intersection_sphere.c:35)
==53245==    by 0x1137D1: intersect_world (is_shadowed.c:32)
==53245==    by 0x1139BC: is_shadowed (is_shadowed.c:71)
==53245==    by 0x113DBC: shade_hit (computation.c:63)
==53245==    by 0x110ED2: each_pixel_calculation (cast_ray_helper.c:55)
==53245==    by 0x110D0C: cast_rays (cast_ray.c:85)
==53245==    by 0x10B214: draw_scene (draw_scene.c:67)
==53245==    by 0x10AB98: manage_mlx (manage_mlx.c:169)
==53245==    by 0x10A7BB: main (main.c:66)
==53245==  Uninitialised value was created by a stack allocation
==53245==    at 0x111480: intersect_sphere (intersection_sphere.c:16)
==53245== 
==53245== Conditional jump or move depends on uninitialised value(s)
==53245==    at 0x11165F: intersect_sphere (intersection_sphere.c:37)
==53245==    by 0x1137D1: intersect_world (is_shadowed.c:32)
==53245==    by 0x1139BC: is_shadowed (is_shadowed.c:71)
==53245==    by 0x113DBC: shade_hit (computation.c:63)
==53245==    by 0x110ED2: each_pixel_calculation (cast_ray_helper.c:55)
==53245==    by 0x110D0C: cast_rays (cast_ray.c:85)
==53245==    by 0x10B214: draw_scene (draw_scene.c:67)
==53245==    by 0x10AB98: manage_mlx (manage_mlx.c:169)
==53245==    by 0x10A7BB: main (main.c:66)
==53245==  Uninitialised value was created by a stack allocation
==53245==    at 0x111480: intersect_sphere (intersection_sphere.c:16)
==53245== 
==53245== Conditional jump or move depends on uninitialised value(s)
==53245==    at 0x111718: intersect_sphere (intersection_sphere.c:38)
==53245==    by 0x1137D1: intersect_world (is_shadowed.c:32)
==53245==    by 0x1139BC: is_shadowed (is_shadowed.c:71)
==53245==    by 0x113DBC: shade_hit (computation.c:63)
==53245==    by 0x110ED2: each_pixel_calculation (cast_ray_helper.c:55)
==53245==    by 0x110D0C: cast_rays (cast_ray.c:85)
==53245==    by 0x10B214: draw_scene (draw_scene.c:67)
==53245==    by 0x10AB98: manage_mlx (manage_mlx.c:169)
==53245==    by 0x10A7BB: main (main.c:66)
==53245==  Uninitialised value was created by a stack allocation
==53245==    at 0x111480: intersect_sphere (intersection_sphere.c:16)
==53245== 
==53245== Conditional jump or move depends on uninitialised value(s)
==53245==    at 0x1117FF: intersect_sphere (intersection_sphere.c:41)
==53245==    by 0x1137D1: intersect_world (is_shadowed.c:32)
==53245==    by 0x1139BC: is_shadowed (is_shadowed.c:71)
==53245==    by 0x113DBC: shade_hit (computation.c:63)
==53245==    by 0x110ED2: each_pixel_calculation (cast_ray_helper.c:55)
==53245==    by 0x110D0C: cast_rays (cast_ray.c:85)
==53245==    by 0x10B214: draw_scene (draw_scene.c:67)
==53245==    by 0x10AB98: manage_mlx (manage_mlx.c:169)
==53245==    by 0x10A7BB: main (main.c:66)
==53245==  Uninitialised value was created by a stack allocation
==53245==    at 0x111480: intersect_sphere (intersection_sphere.c:16)
==53245== 
==53245== Conditional jump or move depends on uninitialised value(s)
==53245==    at 0x112FA4: insert_sorted (sort_intersection.c:19)
==53245==    by 0x112FA4: sort_intersection_list (sort_intersection.c:46)
==53245==    by 0x1138CD: intersect_world (is_shadowed.c:55)
==53245==    by 0x1139BC: is_shadowed (is_shadowed.c:71)
==53245==    by 0x113DBC: shade_hit (computation.c:63)
==53245==    by 0x110ED2: each_pixel_calculation (cast_ray_helper.c:55)
==53245==    by 0x110D0C: cast_rays (cast_ray.c:85)
==53245==    by 0x10B214: draw_scene (draw_scene.c:67)
==53245==    by 0x10AB98: manage_mlx (manage_mlx.c:169)
==53245==    by 0x10A7BB: main (main.c:66)
==53245==  Uninitialised value was created by a stack allocation
==53245==    at 0x111480: intersect_sphere (intersection_sphere.c:16)
==53245== 
==53245== Conditional jump or move depends on uninitialised value(s)
==53245==    at 0x112FC3: insert_sorted (sort_intersection.c:27)
==53245==    by 0x112FC3: sort_intersection_list (sort_intersection.c:46)
==53245==    by 0x1138CD: intersect_world (is_shadowed.c:55)
==53245==    by 0x1139BC: is_shadowed (is_shadowed.c:71)
==53245==    by 0x113DBC: shade_hit (computation.c:63)
==53245==    by 0x110ED2: each_pixel_calculation (cast_ray_helper.c:55)
==53245==    by 0x110D0C: cast_rays (cast_ray.c:85)
==53245==    by 0x10B214: draw_scene (draw_scene.c:67)
==53245==    by 0x10AB98: manage_mlx (manage_mlx.c:169)
==53245==    by 0x10A7BB: main (main.c:66)
==53245==  Uninitialised value was created by a stack allocation
==53245==    at 0x111480: intersect_sphere (intersection_sphere.c:16)
==53245== 
==53245== Conditional jump or move depends on uninitialised value(s)
==53245==    at 0x110827: hit_v2 (hit.c:25)
==53245==    by 0x1139C9: is_shadowed (is_shadowed.c:72)
==53245==    by 0x113DBC: shade_hit (computation.c:63)
==53245==    by 0x110ED2: each_pixel_calculation (cast_ray_helper.c:55)
==53245==    by 0x110D0C: cast_rays (cast_ray.c:85)
==53245==    by 0x10B214: draw_scene (draw_scene.c:67)
==53245==    by 0x10AB98: manage_mlx (manage_mlx.c:169)
==53245==    by 0x10A7BB: main (main.c:66)
==53245==  Uninitialised value was created by a stack allocation
==53245==    at 0x111480: intersect_sphere (intersection_sphere.c:16)
==53245== 
==53245== Conditional jump or move depends on uninitialised value(s)
==53245==    at 0x1139DE: is_shadowed (is_shadowed.c:73)
==53245==    by 0x113DBC: shade_hit (computation.c:63)
==53245==    by 0x110ED2: each_pixel_calculation (cast_ray_helper.c:55)
==53245==    by 0x110D0C: cast_rays (cast_ray.c:85)
==53245==    by 0x10B214: draw_scene (draw_scene.c:67)
==53245==    by 0x10AB98: manage_mlx (manage_mlx.c:169)
==53245==    by 0x10A7BB: main (main.c:66)
==53245==  Uninitialised value was created by a stack allocation
==53245==    at 0x111480: intersect_sphere (intersection_sphere.c:16)
==53245== 
==53245== Conditional jump or move depends on uninitialised value(s)
==53245==    at 0x110836: hit_v2 (hit.c:24)
==53245==    by 0x1139C9: is_shadowed (is_shadowed.c:72)
==53245==    by 0x113DBC: shade_hit (computation.c:63)
==53245==    by 0x110ED2: each_pixel_calculation (cast_ray_helper.c:55)
==53245==    by 0x110D0C: cast_rays (cast_ray.c:85)
==53245==    by 0x10B214: draw_scene (draw_scene.c:67)
==53245==    by 0x10AB98: manage_mlx (manage_mlx.c:169)
==53245==    by 0x10A7BB: main (main.c:66)
==53245==  Uninitialised value was created by a stack allocation
==53245==    at 0x111480: intersect_sphere (intersection_sphere.c:16)
==53245== 
[1;31mdestroying the windows
[0m


------STRUCT STATUS -------
struct has [0] planes 	  |
struct has [0] cylinders  |
struct has [5] spheres 	  |
struct has [1] lights	  |
---------------------------



------STRUCT STATUS -------
struct has [0] planes 	  |
struct has [0] cylinders  |
struct has [0] spheres 	  |
struct has [0] lights	  |
---------------------------

x: -50.000000 y: 0.000000 z: 20.000000 [1;34mw:[0m 1.000000
x: 0.800000 y: 0.000000 z: -0.510000 [1;34mw:[0m 0.000000
x: -40.000000 y: 50.000000 z: 0.000000 [1;34mw:[0m 1.000000
x: 0.000000 y: 0.000000 z: 20.600000 [1;34mw:[0m 1.000000
x: 10.000000 y: 0.000000 z: 20.600000 [1;34mw:[0m 1.000000
x: 20.000000 y: 0.000000 z: 20.600000 [1;34mw:[0m 1.000000
x: 30.000000 y: 0.000000 z: 20.600000 [1;34mw:[0m 1.000000
x: 40.000000 y: 0.000000 z: 20.600000 [1;34mw:[0m 1.000000


------STRUCT [1;35mFULL [0mSTATUS -------

*	 [1;34mAMBIENT LIGHTS[0m *
Ratio of ambient lights: 0.200000
Color of ambient lights: [1;31mR: 255.000000 [0m[1;32mG: 255.000000 [0m[1;34mB: 255.000000[0m

*	[1;34mCAMERA STATS[0m *
++++++++++++Printing out the cammera stuff++++++++++++++++++++
ViewPoint: x: -50.000000 y: 0.000000 z: 20.000000 [1;34mw:[0m 1.000000
Orentation: x: 0.800000 y: 0.000000 z: -0.510000 [1;34mw:[0m 0.000000
FOV:[70]
++++++++++++++++++++++++++++++++++++++++++++++++++++++++++++++
ViewPoint: 
* n.[[1;31m0[0m] PLANES 	

* n.[[1;31m0[0m] CYLINDERS  |

* n.[[1;31m5[0m] SPHERES 	  |
Spheres[0]Address: 0x4d5e7e0
colors : [1;31mR: 10.000000 [0m[1;32mG: 0.000000 [0m[1;34mB: 255.000000[0m
material : PRINT MATERIAL
color: [1;31mR: 10.000000 [0m[1;32mG: 0.000000 [0m[1;34mB: 255.000000[0m
ambient: 0.100000
diffuse: 0.900000
specular: 0.900000
sphininess: 200.000000
Center of the Sphere: x: 0.000000 y: 0.000000 z: 20.600000 [1;34mw:[0m 1.000000
Diameter: 12.600000
	Sphere Matrix:	0x4d5e600
 | 1.000000 |  | 0.000000 |  | 0.000000 |  | 0.000000 | 
 | 0.000000 |  | 1.000000 |  | 0.000000 |  | 0.000000 | 
 | 0.000000 |  | 0.000000 |  | 1.000000 |  | 0.000000 | 
 | 0.000000 |  | 0.000000 |  | 0.000000 |  | 1.000000 | 
***
Spheres[1]Address: 0x4d5f0f0
colors : [1;31mR: 20.000000 [0m[1;32mG: 0.000000 [0m[1;34mB: 255.000000[0m
material : PRINT MATERIAL
color: [1;31mR: 20.000000 [0m[1;32mG: 0.000000 [0m[1;34mB: 255.000000[0m
ambient: 0.100000
diffuse: 0.900000
specular: 0.900000
sphininess: 200.000000
Center of the Sphere: x: 10.000000 y: 0.000000 z: 20.600000 [1;34mw:[0m 1.000000
Diameter: 12.600000
	Sphere Matrix:	0x4d5ef10
 | 1.000000 |  | 0.000000 |  | 0.000000 |  | 0.000000 | 
 | 0.000000 |  | 1.000000 |  | 0.000000 |  | 0.000000 | 
 | 0.000000 |  | 0.000000 |  | 1.000000 |  | 0.000000 | 
 | 0.000000 |  | 0.000000 |  | 0.000000 |  | 1.000000 | 
***
Spheres[2]Address: 0x4d5f9c0
colors : [1;31mR: 30.000000 [0m[1;32mG: 0.000000 [0m[1;34mB: 255.000000[0m
material : PRINT MATERIAL
color: [1;31mR: 30.000000 [0m[1;32mG: 0.000000 [0m[1;34mB: 255.000000[0m
ambient: 0.100000
diffuse: 0.900000
specular: 0.900000
sphininess: 200.000000
Center of the Sphere: x: 20.000000 y: 0.000000 z: 20.600000 [1;34mw:[0m 1.000000
Diameter: 12.600000
	Sphere Matrix:	0x4d5f7e0
 | 1.000000 |  | 0.000000 |  | 0.000000 |  | 0.000000 | 
 | 0.000000 |  | 1.000000 |  | 0.000000 |  | 0.000000 | 
 | 0.000000 |  | 0.000000 |  | 1.000000 |  | 0.000000 | 
 | 0.000000 |  | 0.000000 |  | 0.000000 |  | 1.000000 | 
***
Spheres[3]Address: 0x4d60260
colors : [1;31mR: 40.000000 [0m[1;32mG: 0.000000 [0m[1;34mB: 255.000000[0m
material : PRINT MATERIAL
color: [1;31mR: 40.000000 [0m[1;32mG: 0.000000 [0m[1;34mB: 255.000000[0m
ambient: 0.100000
diffuse: 0.900000
specular: 0.900000
sphininess: 200.000000
Center of the Sphere: x: 30.000000 y: 0.000000 z: 20.600000 [1;34mw:[0m 1.000000
Diameter: 12.600000
	Sphere Matrix:	0x4d60080
 | 1.000000 |  | 0.000000 |  | 0.000000 |  | 0.000000 | 
 | 0.000000 |  | 1.000000 |  | 0.000000 |  | 0.000000 | 
 | 0.000000 |  | 0.000000 |  | 1.000000 |  | 0.000000 | 
 | 0.000000 |  | 0.000000 |  | 0.000000 |  | 1.000000 | 
***
Spheres[4]Address: 0x4d60ad0
colors : [1;31mR: 50.000000 [0m[1;32mG: 0.000000 [0m[1;34mB: 255.000000[0m
material : PRINT MATERIAL
color: [1;31mR: 50.000000 [0m[1;32mG: 0.000000 [0m[1;34mB: 255.000000[0m
ambient: 0.100000
diffuse: 0.900000
specular: 0.900000
sphininess: 200.000000
Center of the Sphere: x: 40.000000 y: 0.000000 z: 20.600000 [1;34mw:[0m 1.000000
Diameter: 12.600000
	Sphere Matrix:	0x4d608f0
 | 1.000000 |  | 0.000000 |  | 0.000000 |  | 0.000000 | 
 | 0.000000 |  | 1.000000 |  | 0.000000 |  | 0.000000 | 
 | 0.000000 |  | 0.000000 |  | 1.000000 |  | 0.000000 | 
 | 0.000000 |  | 0.000000 |  | 0.000000 |  | 1.000000 | 
***

* n.[[1;31m1[0m] LIGHTS	  |
Lights[0]colors : [1;31mR: 10.000000 [0m[1;32mG: 0.000000 [0m[1;34mB: 255.000000[0m
Position of the light: x: -40.000000 y: 50.000000 z: 0.000000 [1;34mw:[0m 1.000000
Brightness of the light: 0.600000 
---------------------------

Image Plane Width: 1.400415
Image Plane Height: 0.614816

	The while loop took [1;33m81.26 seconds[0m to execute.
[1;31mRemember to free all the memory[0m
[1;31mUpdated: the camera not working[0m
==53245== 
==53245== HEAP SUMMARY:
==53245==     in use at exit: 96,191 bytes in 111 blocks
==53245==   total heap usage: 32,187,752 allocs, 32,187,641 frees, 633,073,691 bytes allocated
==53245== 
==53245== 3 bytes in 1 blocks are still reachable in loss record 1 of 54
==53245==    at 0x4848899: malloc (in /usr/libexec/valgrind/vgpreload_memcheck-amd64-linux.so)
==53245==    by 0x4B7558E: strdup (strdup.c:42)
==53245==    by 0x48B7B45: XOpenDisplay (in /usr/lib/x86_64-linux-gnu/libX11.so.6.4.0)
==53245==    by 0x116D32: mlx_init (in /nfs/homes/atucci/Desktop/mioGithubMiniRT/miniRT)
==53245==    by 0x10AB0A: manage_mlx (manage_mlx.c:163)
==53245==    by 0x10A7BB: main (main.c:66)
==53245== 
==53245== 8 bytes in 1 blocks are still reachable in loss record 2 of 54
==53245==    at 0x4848899: malloc (in /usr/libexec/valgrind/vgpreload_memcheck-amd64-linux.so)
==53245==    by 0x4B7558E: strdup (strdup.c:42)
==53245==    by 0x48B49AE: XInitExtension (in /usr/lib/x86_64-linux-gnu/libX11.so.6.4.0)
==53245==    by 0x4879820: XextAddDisplay (in /usr/lib/x86_64-linux-gnu/libXext.so.6.4.0)
==53245==    by 0x487E9E2: XShmQueryVersion (in /usr/lib/x86_64-linux-gnu/libXext.so.6.4.0)
==53245==    by 0x116E50: mlx_int_deal_shm (in /nfs/homes/atucci/Desktop/mioGithubMiniRT/miniRT)
==53245==    by 0x116DC5: mlx_init (in /nfs/homes/atucci/Desktop/mioGithubMiniRT/miniRT)
==53245==    by 0x10AB0A: manage_mlx (manage_mlx.c:163)
==53245==    by 0x10A7BB: main (main.c:66)
==53245== 
==53245== 8 bytes in 1 blocks are still reachable in loss record 3 of 54
==53245==    at 0x4848899: malloc (in /usr/libexec/valgrind/vgpreload_memcheck-amd64-linux.so)
==53245==    by 0x4877B34: ??? (in /usr/lib/x86_64-linux-gnu/libXext.so.6.4.0)
==53245==    by 0x48799DF: XextAddDisplay (in /usr/lib/x86_64-linux-gnu/libXext.so.6.4.0)
==53245==    by 0x487E9E2: XShmQueryVersion (in /usr/lib/x86_64-linux-gnu/libXext.so.6.4.0)
==53245==    by 0x116E50: mlx_int_deal_shm (in /nfs/homes/atucci/Desktop/mioGithubMiniRT/miniRT)
==53245==    by 0x116DC5: mlx_init (in /nfs/homes/atucci/Desktop/mioGithubMiniRT/miniRT)
==53245==    by 0x10AB0A: manage_mlx (manage_mlx.c:163)
==53245==    by 0x10A7BB: main (main.c:66)
==53245== 
==53245== 10 bytes in 1 blocks are still reachable in loss record 4 of 54
==53245==    at 0x4848899: malloc (in /usr/libexec/valgrind/vgpreload_memcheck-amd64-linux.so)
==53245==    by 0x4B7558E: strdup (strdup.c:42)
==53245==    by 0x48B49AE: XInitExtension (in /usr/lib/x86_64-linux-gnu/libX11.so.6.4.0)
==53245==    by 0x491E213: XkbUseExtension (in /usr/lib/x86_64-linux-gnu/libX11.so.6.4.0)
==53245==    by 0x48B86A8: XOpenDisplay (in /usr/lib/x86_64-linux-gnu/libX11.so.6.4.0)
==53245==    by 0x116D32: mlx_init (in /nfs/homes/atucci/Desktop/mioGithubMiniRT/miniRT)
==53245==    by 0x10AB0A: manage_mlx (manage_mlx.c:163)
==53245==    by 0x10A7BB: main (main.c:66)
==53245== 
==53245== 16 bytes in 1 blocks are still reachable in loss record 5 of 54
==53245==    at 0x4848899: malloc (in /usr/libexec/valgrind/vgpreload_memcheck-amd64-linux.so)
==53245==    by 0x4D052EE: xcb_connect_to_fd (in /usr/lib/x86_64-linux-gnu/libxcb.so.1.1.0)
==53245==    by 0x4D05E6B: xcb_connect_to_display_with_auth_info (in /usr/lib/x86_64-linux-gnu/libxcb.so.1.1.0)
==53245==    by 0x48C7EE9: _XConnectXCB (in /usr/lib/x86_64-linux-gnu/libX11.so.6.4.0)
==53245==    by 0x48B7B68: XOpenDisplay (in /usr/lib/x86_64-linux-gnu/libX11.so.6.4.0)
==53245==    by 0x116D32: mlx_init (in /nfs/homes/atucci/Desktop/mioGithubMiniRT/miniRT)
==53245==    by 0x10AB0A: manage_mlx (manage_mlx.c:163)
==53245==    by 0x10A7BB: main (main.c:66)
==53245== 
==53245== 21 bytes in 1 blocks are still reachable in loss record 6 of 54
==53245==    at 0x4848899: malloc (in /usr/libexec/valgrind/vgpreload_memcheck-amd64-linux.so)
==53245==    by 0x48B803E: XOpenDisplay (in /usr/lib/x86_64-linux-gnu/libX11.so.6.4.0)
==53245==    by 0x116D32: mlx_init (in /nfs/homes/atucci/Desktop/mioGithubMiniRT/miniRT)
==53245==    by 0x10AB0A: manage_mlx (manage_mlx.c:163)
==53245==    by 0x10A7BB: main (main.c:66)
==53245== 
==53245== 24 bytes in 1 blocks are still reachable in loss record 7 of 54
==53245==    at 0x4848899: malloc (in /usr/libexec/valgrind/vgpreload_memcheck-amd64-linux.so)
==53245==    by 0x4879041: XextCreateExtension (in /usr/lib/x86_64-linux-gnu/libXext.so.6.4.0)
==53245==    by 0x48794CC: ??? (in /usr/lib/x86_64-linux-gnu/libXext.so.6.4.0)
==53245==    by 0x48799C8: XextAddDisplay (in /usr/lib/x86_64-linux-gnu/libXext.so.6.4.0)
==53245==    by 0x487E9E2: XShmQueryVersion (in /usr/lib/x86_64-linux-gnu/libXext.so.6.4.0)
==53245==    by 0x116E50: mlx_int_deal_shm (in /nfs/homes/atucci/Desktop/mioGithubMiniRT/miniRT)
==53245==    by 0x116DC5: mlx_init (in /nfs/homes/atucci/Desktop/mioGithubMiniRT/miniRT)
==53245==    by 0x10AB0A: manage_mlx (manage_mlx.c:163)
==53245==    by 0x10A7BB: main (main.c:66)
==53245== 
==53245== 24 bytes in 1 blocks are still reachable in loss record 8 of 54
==53245==    at 0x4848899: malloc (in /usr/libexec/valgrind/vgpreload_memcheck-amd64-linux.so)
==53245==    by 0x4B7558E: strdup (strdup.c:42)
==53245==    by 0x48B49AE: XInitExtension (in /usr/lib/x86_64-linux-gnu/libX11.so.6.4.0)
==53245==    by 0x4879820: XextAddDisplay (in /usr/lib/x86_64-linux-gnu/libXext.so.6.4.0)
==53245==    by 0x487950A: ??? (in /usr/lib/x86_64-linux-gnu/libXext.so.6.4.0)
==53245==    by 0x48799C8: XextAddDisplay (in /usr/lib/x86_64-linux-gnu/libXext.so.6.4.0)
==53245==    by 0x487E9E2: XShmQueryVersion (in /usr/lib/x86_64-linux-gnu/libXext.so.6.4.0)
==53245==    by 0x116E50: mlx_int_deal_shm (in /nfs/homes/atucci/Desktop/mioGithubMiniRT/miniRT)
==53245==    by 0x116DC5: mlx_init (in /nfs/homes/atucci/Desktop/mioGithubMiniRT/miniRT)
==53245==    by 0x10AB0A: manage_mlx (manage_mlx.c:163)
==53245==    by 0x10A7BB: main (main.c:66)
==53245== 
==53245== 24 bytes in 1 blocks are still reachable in loss record 9 of 54
==53245==    at 0x4848899: malloc (in /usr/libexec/valgrind/vgpreload_memcheck-amd64-linux.so)
==53245==    by 0x48799F5: XextAddDisplay (in /usr/lib/x86_64-linux-gnu/libXext.so.6.4.0)
==53245==    by 0x487E9E2: XShmQueryVersion (in /usr/lib/x86_64-linux-gnu/libXext.so.6.4.0)
==53245==    by 0x116E50: mlx_int_deal_shm (in /nfs/homes/atucci/Desktop/mioGithubMiniRT/miniRT)
==53245==    by 0x116DC5: mlx_init (in /nfs/homes/atucci/Desktop/mioGithubMiniRT/miniRT)
==53245==    by 0x10AB0A: manage_mlx (manage_mlx.c:163)
==53245==    by 0x10A7BB: main (main.c:66)
==53245== 
==53245== 24 bytes in 1 blocks are still reachable in loss record 10 of 54
==53245==    at 0x4848899: malloc (in /usr/libexec/valgrind/vgpreload_memcheck-amd64-linux.so)
==53245==    by 0x48C5A65: ??? (in /usr/lib/x86_64-linux-gnu/libX11.so.6.4.0)
==53245==    by 0x48CE2C6: _XReply (in /usr/lib/x86_64-linux-gnu/libX11.so.6.4.0)
==53245==    by 0x491640A: XkbGetUpdatedMap (in /usr/lib/x86_64-linux-gnu/libX11.so.6.4.0)
==53245==    by 0x49164F4: XkbGetMap (in /usr/lib/x86_64-linux-gnu/libX11.so.6.4.0)
==53245==    by 0x4916542: ??? (in /usr/lib/x86_64-linux-gnu/libX11.so.6.4.0)
==53245==    by 0x49168AF: XkbKeycodeToKeysym (in /usr/lib/x86_64-linux-gnu/libX11.so.6.4.0)
==53245==    by 0x117ACD: mlx_int_param_KeyPress (in /nfs/homes/atucci/Desktop/mioGithubMiniRT/miniRT)
==53245==    by 0x117269: mlx_loop (in /nfs/homes/atucci/Desktop/mioGithubMiniRT/miniRT)
==53245==    by 0x10AC01: manage_mlx (manage_mlx.c:175)
==53245==    by 0x10A7BB: main (main.c:66)
==53245== 
==53245== 29 bytes in 1 blocks are still reachable in loss record 11 of 54
==53245==    at 0x4848899: malloc (in /usr/libexec/valgrind/vgpreload_memcheck-amd64-linux.so)
==53245==    by 0x48B10CD: _XUpdateAtomCache (in /usr/lib/x86_64-linux-gnu/libX11.so.6.4.0)
==53245==    by 0x48B3929: XInternAtom (in /usr/lib/x86_64-linux-gnu/libX11.so.6.4.0)
==53245==    by 0x116DB9: mlx_init (in /nfs/homes/atucci/Desktop/mioGithubMiniRT/miniRT)
==53245==    by 0x10AB0A: manage_mlx (manage_mlx.c:163)
==53245==    by 0x10A7BB: main (main.c:66)
==53245== 
==53245== 32 bytes in 1 blocks are still reachable in loss record 12 of 54
==53245==    at 0x48487A9: malloc (in /usr/libexec/valgrind/vgpreload_memcheck-amd64-linux.so)
==53245==    by 0x4D0915E: ??? (in /usr/lib/x86_64-linux-gnu/libxcb.so.1.1.0)
==53245==    by 0x4D09237: xcb_get_extension_data (in /usr/lib/x86_64-linux-gnu/libxcb.so.1.1.0)
==53245==    by 0x4D092EE: xcb_prefetch_maximum_request_length (in /usr/lib/x86_64-linux-gnu/libxcb.so.1.1.0)
==53245==    by 0x4D09364: xcb_get_maximum_request_length (in /usr/lib/x86_64-linux-gnu/libxcb.so.1.1.0)
==53245==    by 0x48B852B: XOpenDisplay (in /usr/lib/x86_64-linux-gnu/libX11.so.6.4.0)
==53245==    by 0x116D32: mlx_init (in /nfs/homes/atucci/Desktop/mioGithubMiniRT/miniRT)
==53245==    by 0x10AB0A: manage_mlx (manage_mlx.c:163)
==53245==    by 0x10A7BB: main (main.c:66)
==53245== 
==53245== 32 bytes in 1 blocks are still reachable in loss record 13 of 54
==53245==    at 0x4848899: malloc (in /usr/libexec/valgrind/vgpreload_memcheck-amd64-linux.so)
==53245==    by 0x4D021B7: ??? (in /usr/lib/x86_64-linux-gnu/libxcb.so.1.1.0)
==53245==    by 0x4D02A08: ??? (in /usr/lib/x86_64-linux-gnu/libxcb.so.1.1.0)
==53245==    by 0x4D02EB0: ??? (in /usr/lib/x86_64-linux-gnu/libxcb.so.1.1.0)
==53245==    by 0x4D03E44: xcb_wait_for_reply (in /usr/lib/x86_64-linux-gnu/libxcb.so.1.1.0)
==53245==    by 0x4D09292: xcb_get_extension_data (in /usr/lib/x86_64-linux-gnu/libxcb.so.1.1.0)
==53245==    by 0x4D092EE: xcb_prefetch_maximum_request_length (in /usr/lib/x86_64-linux-gnu/libxcb.so.1.1.0)
==53245==    by 0x4D09364: xcb_get_maximum_request_length (in /usr/lib/x86_64-linux-gnu/libxcb.so.1.1.0)
==53245==    by 0x48B852B: XOpenDisplay (in /usr/lib/x86_64-linux-gnu/libX11.so.6.4.0)
==53245==    by 0x116D32: mlx_init (in /nfs/homes/atucci/Desktop/mioGithubMiniRT/miniRT)
==53245==    by 0x10AB0A: manage_mlx (manage_mlx.c:163)
==53245==    by 0x10A7BB: main (main.c:66)
==53245== 
==53245== 32 bytes in 1 blocks are still reachable in loss record 14 of 54
==53245==    at 0x4848899: malloc (in /usr/libexec/valgrind/vgpreload_memcheck-amd64-linux.so)
==53245==    by 0x48797FF: XextAddDisplay (in /usr/lib/x86_64-linux-gnu/libXext.so.6.4.0)
==53245==    by 0x487E9E2: XShmQueryVersion (in /usr/lib/x86_64-linux-gnu/libXext.so.6.4.0)
==53245==    by 0x116E50: mlx_int_deal_shm (in /nfs/homes/atucci/Desktop/mioGithubMiniRT/miniRT)
==53245==    by 0x116DC5: mlx_init (in /nfs/homes/atucci/Desktop/mioGithubMiniRT/miniRT)
==53245==    by 0x10AB0A: manage_mlx (manage_mlx.c:163)
==53245==    by 0x10A7BB: main (main.c:66)
==53245== 
==53245== 32 bytes in 1 blocks are still reachable in loss record 15 of 54
==53245==    at 0x4848899: malloc (in /usr/libexec/valgrind/vgpreload_memcheck-amd64-linux.so)
==53245==    by 0x48797FF: XextAddDisplay (in /usr/lib/x86_64-linux-gnu/libXext.so.6.4.0)
==53245==    by 0x487950A: ??? (in /usr/lib/x86_64-linux-gnu/libXext.so.6.4.0)
==53245==    by 0x48799C8: XextAddDisplay (in /usr/lib/x86_64-linux-gnu/libXext.so.6.4.0)
==53245==    by 0x487E9E2: XShmQueryVersion (in /usr/lib/x86_64-linux-gnu/libXext.so.6.4.0)
==53245==    by 0x116E50: mlx_int_deal_shm (in /nfs/homes/atucci/Desktop/mioGithubMiniRT/miniRT)
==53245==    by 0x116DC5: mlx_init (in /nfs/homes/atucci/Desktop/mioGithubMiniRT/miniRT)
==53245==    by 0x10AB0A: manage_mlx (manage_mlx.c:163)
==53245==    by 0x10A7BB: main (main.c:66)
==53245== 
==53245== 33 bytes in 1 blocks are still reachable in loss record 16 of 54
==53245==    at 0x4848899: malloc (in /usr/libexec/valgrind/vgpreload_memcheck-amd64-linux.so)
==53245==    by 0x48B10CD: _XUpdateAtomCache (in /usr/lib/x86_64-linux-gnu/libX11.so.6.4.0)
==53245==    by 0x48B3929: XInternAtom (in /usr/lib/x86_64-linux-gnu/libX11.so.6.4.0)
==53245==    by 0x116DA4: mlx_init (in /nfs/homes/atucci/Desktop/mioGithubMiniRT/miniRT)
==53245==    by 0x10AB0A: manage_mlx (manage_mlx.c:163)
==53245==    by 0x10A7BB: main (main.c:66)
==53245== 
==53245== 40 bytes in 1 blocks are still reachable in loss record 17 of 54
==53245==    at 0x4848899: malloc (in /usr/libexec/valgrind/vgpreload_memcheck-amd64-linux.so)
==53245==    by 0x48C81F1: _XPollfdCacheInit (in /usr/lib/x86_64-linux-gnu/libX11.so.6.4.0)
==53245==    by 0x48B7E71: XOpenDisplay (in /usr/lib/x86_64-linux-gnu/libX11.so.6.4.0)
==53245==    by 0x116D32: mlx_init (in /nfs/homes/atucci/Desktop/mioGithubMiniRT/miniRT)
==53245==    by 0x10AB0A: manage_mlx (manage_mlx.c:163)
==53245==    by 0x10A7BB: main (main.c:66)
==53245== 
==53245== 48 bytes in 1 blocks are still reachable in loss record 18 of 54
==53245==    at 0x4848899: malloc (in /usr/libexec/valgrind/vgpreload_memcheck-amd64-linux.so)
==53245==    by 0x48C7E71: _XConnectXCB (in /usr/lib/x86_64-linux-gnu/libX11.so.6.4.0)
==53245==    by 0x48B7B68: XOpenDisplay (in /usr/lib/x86_64-linux-gnu/libX11.so.6.4.0)
==53245==    by 0x116D32: mlx_init (in /nfs/homes/atucci/Desktop/mioGithubMiniRT/miniRT)
==53245==    by 0x10AB0A: manage_mlx (manage_mlx.c:163)
==53245==    by 0x10A7BB: main (main.c:66)
==53245== 
==53245== 48 bytes in 1 blocks are still reachable in loss record 19 of 54
==53245==    at 0x4848899: malloc (in /usr/libexec/valgrind/vgpreload_memcheck-amd64-linux.so)
==53245==    by 0x48C7E87: _XConnectXCB (in /usr/lib/x86_64-linux-gnu/libX11.so.6.4.0)
==53245==    by 0x48B7B68: XOpenDisplay (in /usr/lib/x86_64-linux-gnu/libX11.so.6.4.0)
==53245==    by 0x116D32: mlx_init (in /nfs/homes/atucci/Desktop/mioGithubMiniRT/miniRT)
==53245==    by 0x10AB0A: manage_mlx (manage_mlx.c:163)
==53245==    by 0x10A7BB: main (main.c:66)
==53245== 
==53245== 48 bytes in 1 blocks are still reachable in loss record 20 of 54
==53245==    at 0x484DA83: calloc (in /usr/libexec/valgrind/vgpreload_memcheck-amd64-linux.so)
==53245==    by 0x49164C0: XkbGetMap (in /usr/lib/x86_64-linux-gnu/libX11.so.6.4.0)
==53245==    by 0x4916542: ??? (in /usr/lib/x86_64-linux-gnu/libX11.so.6.4.0)
==53245==    by 0x49168AF: XkbKeycodeToKeysym (in /usr/lib/x86_64-linux-gnu/libX11.so.6.4.0)
==53245==    by 0x117ACD: mlx_int_param_KeyPress (in /nfs/homes/atucci/Desktop/mioGithubMiniRT/miniRT)
==53245==    by 0x117269: mlx_loop (in /nfs/homes/atucci/Desktop/mioGithubMiniRT/miniRT)
==53245==    by 0x10AC01: manage_mlx (manage_mlx.c:175)
==53245==    by 0x10A7BB: main (main.c:66)
==53245== 
==53245== 72 bytes in 1 blocks are still reachable in loss record 21 of 54
==53245==    at 0x484DA83: calloc (in /usr/libexec/valgrind/vgpreload_memcheck-amd64-linux.so)
==53245==    by 0x48B7F20: XOpenDisplay (in /usr/lib/x86_64-linux-gnu/libX11.so.6.4.0)
==53245==    by 0x116D32: mlx_init (in /nfs/homes/atucci/Desktop/mioGithubMiniRT/miniRT)
==53245==    by 0x10AB0A: manage_mlx (manage_mlx.c:163)
==53245==    by 0x10A7BB: main (main.c:66)
==53245== 
==53245== 72 bytes in 1 blocks are still reachable in loss record 22 of 54
==53245==    at 0x484DA83: calloc (in /usr/libexec/valgrind/vgpreload_memcheck-amd64-linux.so)
==53245==    by 0x49164A4: XkbGetMap (in /usr/lib/x86_64-linux-gnu/libX11.so.6.4.0)
==53245==    by 0x4916542: ??? (in /usr/lib/x86_64-linux-gnu/libX11.so.6.4.0)
==53245==    by 0x49168AF: XkbKeycodeToKeysym (in /usr/lib/x86_64-linux-gnu/libX11.so.6.4.0)
==53245==    by 0x117ACD: mlx_int_param_KeyPress (in /nfs/homes/atucci/Desktop/mioGithubMiniRT/miniRT)
==53245==    by 0x117269: mlx_loop (in /nfs/homes/atucci/Desktop/mioGithubMiniRT/miniRT)
==53245==    by 0x10AC01: manage_mlx (manage_mlx.c:175)
==53245==    by 0x10A7BB: main (main.c:66)
==53245== 
==53245== 88 bytes in 1 blocks are still reachable in loss record 23 of 54
==53245==    at 0x484DA83: calloc (in /usr/libexec/valgrind/vgpreload_memcheck-amd64-linux.so)
==53245==    by 0x1174F5: mlx_int_new_xshm_image (in /nfs/homes/atucci/Desktop/mioGithubMiniRT/miniRT)
==53245==    by 0x1177B3: mlx_new_image (in /nfs/homes/atucci/Desktop/mioGithubMiniRT/miniRT)
==53245==    by 0x10AB74: my_new_image (manage_mlx.c:19)
==53245==    by 0x10AB74: manage_mlx (manage_mlx.c:168)
==53245==    by 0x10A7BB: main (main.c:66)
==53245== 
==53245== 112 bytes in 1 blocks are still reachable in loss record 24 of 54
==53245==    at 0x484DA83: calloc (in /usr/libexec/valgrind/vgpreload_memcheck-amd64-linux.so)
==53245==    by 0x48C7D72: _XConnectXCB (in /usr/lib/x86_64-linux-gnu/libX11.so.6.4.0)
==53245==    by 0x48B7B68: XOpenDisplay (in /usr/lib/x86_64-linux-gnu/libX11.so.6.4.0)
==53245==    by 0x116D32: mlx_init (in /nfs/homes/atucci/Desktop/mioGithubMiniRT/miniRT)
==53245==    by 0x10AB0A: manage_mlx (manage_mlx.c:163)
==53245==    by 0x10A7BB: main (main.c:66)
==53245== 
==53245== 112 bytes in 1 blocks are still reachable in loss record 25 of 54
==53245==    at 0x484DA83: calloc (in /usr/libexec/valgrind/vgpreload_memcheck-amd64-linux.so)
==53245==    by 0x48B8200: XOpenDisplay (in /usr/lib/x86_64-linux-gnu/libX11.so.6.4.0)
==53245==    by 0x116D32: mlx_init (in /nfs/homes/atucci/Desktop/mioGithubMiniRT/miniRT)
==53245==    by 0x10AB0A: manage_mlx (manage_mlx.c:163)
==53245==    by 0x10A7BB: main (main.c:66)
==53245== 
==53245== 128 bytes in 1 blocks are still reachable in loss record 26 of 54
==53245==    at 0x484DA83: calloc (in /usr/libexec/valgrind/vgpreload_memcheck-amd64-linux.so)
==53245==    by 0x48B812E: XOpenDisplay (in /usr/lib/x86_64-linux-gnu/libX11.so.6.4.0)
==53245==    by 0x116D32: mlx_init (in /nfs/homes/atucci/Desktop/mioGithubMiniRT/miniRT)
==53245==    by 0x10AB0A: manage_mlx (manage_mlx.c:163)
==53245==    by 0x10A7BB: main (main.c:66)
==53245== 
==53245== 128 bytes in 1 blocks are still reachable in loss record 27 of 54
==53245==    at 0x484DA83: calloc (in /usr/libexec/valgrind/vgpreload_memcheck-amd64-linux.so)
==53245==    by 0x48B499E: XInitExtension (in /usr/lib/x86_64-linux-gnu/libX11.so.6.4.0)
==53245==    by 0x491E213: XkbUseExtension (in /usr/lib/x86_64-linux-gnu/libX11.so.6.4.0)
==53245==    by 0x48B86A8: XOpenDisplay (in /usr/lib/x86_64-linux-gnu/libX11.so.6.4.0)
==53245==    by 0x116D32: mlx_init (in /nfs/homes/atucci/Desktop/mioGithubMiniRT/miniRT)
==53245==    by 0x10AB0A: manage_mlx (manage_mlx.c:163)
==53245==    by 0x10A7BB: main (main.c:66)
==53245== 
==53245== 128 bytes in 1 blocks are still reachable in loss record 28 of 54
==53245==    at 0x484DA83: calloc (in /usr/libexec/valgrind/vgpreload_memcheck-amd64-linux.so)
==53245==    by 0x48B499E: XInitExtension (in /usr/lib/x86_64-linux-gnu/libX11.so.6.4.0)
==53245==    by 0x4879820: XextAddDisplay (in /usr/lib/x86_64-linux-gnu/libXext.so.6.4.0)
==53245==    by 0x487E9E2: XShmQueryVersion (in /usr/lib/x86_64-linux-gnu/libXext.so.6.4.0)
==53245==    by 0x116E50: mlx_int_deal_shm (in /nfs/homes/atucci/Desktop/mioGithubMiniRT/miniRT)
==53245==    by 0x116DC5: mlx_init (in /nfs/homes/atucci/Desktop/mioGithubMiniRT/miniRT)
==53245==    by 0x10AB0A: manage_mlx (manage_mlx.c:163)
==53245==    by 0x10A7BB: main (main.c:66)
==53245== 
==53245== 128 bytes in 1 blocks are still reachable in loss record 29 of 54
==53245==    at 0x484DA83: calloc (in /usr/libexec/valgrind/vgpreload_memcheck-amd64-linux.so)
==53245==    by 0x48B499E: XInitExtension (in /usr/lib/x86_64-linux-gnu/libX11.so.6.4.0)
==53245==    by 0x4879820: XextAddDisplay (in /usr/lib/x86_64-linux-gnu/libXext.so.6.4.0)
==53245==    by 0x487950A: ??? (in /usr/lib/x86_64-linux-gnu/libXext.so.6.4.0)
==53245==    by 0x48799C8: XextAddDisplay (in /usr/lib/x86_64-linux-gnu/libXext.so.6.4.0)
==53245==    by 0x487E9E2: XShmQueryVersion (in /usr/lib/x86_64-linux-gnu/libXext.so.6.4.0)
==53245==    by 0x116E50: mlx_int_deal_shm (in /nfs/homes/atucci/Desktop/mioGithubMiniRT/miniRT)
==53245==    by 0x116DC5: mlx_init (in /nfs/homes/atucci/Desktop/mioGithubMiniRT/miniRT)
==53245==    by 0x10AB0A: manage_mlx (manage_mlx.c:163)
==53245==    by 0x10A7BB: main (main.c:66)
==53245== 
==53245== 136 bytes in 1 blocks are still reachable in loss record 30 of 54
==53245==    at 0x4848899: malloc (in /usr/libexec/valgrind/vgpreload_memcheck-amd64-linux.so)
==53245==    by 0x116D1A: mlx_init (in /nfs/homes/atucci/Desktop/mioGithubMiniRT/miniRT)
==53245==    by 0x10AB0A: manage_mlx (manage_mlx.c:163)
==53245==    by 0x10A7BB: main (main.c:66)
==53245== 
==53245== 136 bytes in 1 blocks are still reachable in loss record 31 of 54
==53245==    at 0x484DA83: calloc (in /usr/libexec/valgrind/vgpreload_memcheck-amd64-linux.so)
==53245==    by 0x48780C3: XShmCreateImage (in /usr/lib/x86_64-linux-gnu/libXext.so.6.4.0)
==53245==    by 0x117525: mlx_int_new_xshm_image (in /nfs/homes/atucci/Desktop/mioGithubMiniRT/miniRT)
==53245==    by 0x1177B3: mlx_new_image (in /nfs/homes/atucci/Desktop/mioGithubMiniRT/miniRT)
==53245==    by 0x10AB74: my_new_image (manage_mlx.c:19)
==53245==    by 0x10AB74: manage_mlx (manage_mlx.c:168)
==53245==    by 0x10A7BB: main (main.c:66)
==53245== 
==53245== 147 bytes in 1 blocks are still reachable in loss record 32 of 54
==53245==    at 0x4848899: malloc (in /usr/libexec/valgrind/vgpreload_memcheck-amd64-linux.so)
==53245==    by 0x48B8710: XOpenDisplay (in /usr/lib/x86_64-linux-gnu/libX11.so.6.4.0)
==53245==    by 0x116D32: mlx_init (in /nfs/homes/atucci/Desktop/mioGithubMiniRT/miniRT)
==53245==    by 0x10AB0A: manage_mlx (manage_mlx.c:163)
==53245==    by 0x10A7BB: main (main.c:66)
==53245== 
==53245== 152 bytes in 1 blocks are still reachable in loss record 33 of 54
==53245==    at 0x484DA83: calloc (in /usr/libexec/valgrind/vgpreload_memcheck-amd64-linux.so)
==53245==    by 0x491E40E: XkbUseExtension (in /usr/lib/x86_64-linux-gnu/libX11.so.6.4.0)
==53245==    by 0x48B86A8: XOpenDisplay (in /usr/lib/x86_64-linux-gnu/libX11.so.6.4.0)
==53245==    by 0x116D32: mlx_init (in /nfs/homes/atucci/Desktop/mioGithubMiniRT/miniRT)
==53245==    by 0x10AB0A: manage_mlx (manage_mlx.c:163)
==53245==    by 0x10A7BB: main (main.c:66)
==53245== 
==53245== 160 bytes in 1 blocks are still reachable in loss record 34 of 54
==53245==    at 0x4848899: malloc (in /usr/libexec/valgrind/vgpreload_memcheck-amd64-linux.so)
==53245==    by 0x48A69EF: XCreateGC (in /usr/lib/x86_64-linux-gnu/libX11.so.6.4.0)
==53245==    by 0x48B85A4: XOpenDisplay (in /usr/lib/x86_64-linux-gnu/libX11.so.6.4.0)
==53245==    by 0x116D32: mlx_init (in /nfs/homes/atucci/Desktop/mioGithubMiniRT/miniRT)
==53245==    by 0x10AB0A: manage_mlx (manage_mlx.c:163)
==53245==    by 0x10A7BB: main (main.c:66)
==53245== 
==53245== 168 bytes in 1 blocks are still reachable in loss record 35 of 54
==53245==    at 0x484DA83: calloc (in /usr/libexec/valgrind/vgpreload_memcheck-amd64-linux.so)
==53245==    by 0x48B80B2: XOpenDisplay (in /usr/lib/x86_64-linux-gnu/libX11.so.6.4.0)
==53245==    by 0x116D32: mlx_init (in /nfs/homes/atucci/Desktop/mioGithubMiniRT/miniRT)
==53245==    by 0x10AB0A: manage_mlx (manage_mlx.c:163)
==53245==    by 0x10A7BB: main (main.c:66)
==53245== 
==53245== 208 bytes in 1 blocks are still reachable in loss record 36 of 54
==53245==    at 0x4848899: malloc (in /usr/libexec/valgrind/vgpreload_memcheck-amd64-linux.so)
==53245==    by 0x4877AE9: ??? (in /usr/lib/x86_64-linux-gnu/libXext.so.6.4.0)
==53245==    by 0x48799DF: XextAddDisplay (in /usr/lib/x86_64-linux-gnu/libXext.so.6.4.0)
==53245==    by 0x487E9E2: XShmQueryVersion (in /usr/lib/x86_64-linux-gnu/libXext.so.6.4.0)
==53245==    by 0x116E50: mlx_int_deal_shm (in /nfs/homes/atucci/Desktop/mioGithubMiniRT/miniRT)
==53245==    by 0x116DC5: mlx_init (in /nfs/homes/atucci/Desktop/mioGithubMiniRT/miniRT)
==53245==    by 0x10AB0A: manage_mlx (manage_mlx.c:163)
==53245==    by 0x10A7BB: main (main.c:66)
==53245== 
==53245== 208 bytes in 1 blocks are still reachable in loss record 37 of 54
==53245==    at 0x4848899: malloc (in /usr/libexec/valgrind/vgpreload_memcheck-amd64-linux.so)
==53245==    by 0x48C9FAE: _XEnq (in /usr/lib/x86_64-linux-gnu/libX11.so.6.4.0)
==53245==    by 0x48CCBB6: ??? (in /usr/lib/x86_64-linux-gnu/libX11.so.6.4.0)
==53245==    by 0x48CDEC0: _XReadEvents (in /usr/lib/x86_64-linux-gnu/libX11.so.6.4.0)
==53245==    by 0x48CE205: XWindowEvent (in /usr/lib/x86_64-linux-gnu/libX11.so.6.4.0)
==53245==    by 0x117361: mlx_int_wait_first_expose (in /nfs/homes/atucci/Desktop/mioGithubMiniRT/miniRT)
==53245==    by 0x117122: mlx_new_window (in /nfs/homes/atucci/Desktop/mioGithubMiniRT/miniRT)
==53245==    by 0x10AB45: manage_mlx (manage_mlx.c:167)
==53245==    by 0x10A7BB: main (main.c:66)
==53245== 
==53245== 256 bytes in 1 blocks are still reachable in loss record 38 of 54
==53245==    at 0x484DA83: calloc (in /usr/libexec/valgrind/vgpreload_memcheck-amd64-linux.so)
==53245==    by 0x491B55D: XkbAllocClientMap (in /usr/lib/x86_64-linux-gnu/libX11.so.6.4.0)
==53245==    by 0x49160DE: _XkbReadGetMapReply (in /usr/lib/x86_64-linux-gnu/libX11.so.6.4.0)
==53245==    by 0x491641E: XkbGetUpdatedMap (in /usr/lib/x86_64-linux-gnu/libX11.so.6.4.0)
==53245==    by 0x49164F4: XkbGetMap (in /usr/lib/x86_64-linux-gnu/libX11.so.6.4.0)
==53245==    by 0x4916542: ??? (in /usr/lib/x86_64-linux-gnu/libX11.so.6.4.0)
==53245==    by 0x49168AF: XkbKeycodeToKeysym (in /usr/lib/x86_64-linux-gnu/libX11.so.6.4.0)
==53245==    by 0x117ACD: mlx_int_param_KeyPress (in /nfs/homes/atucci/Desktop/mioGithubMiniRT/miniRT)
==53245==    by 0x117269: mlx_loop (in /nfs/homes/atucci/Desktop/mioGithubMiniRT/miniRT)
==53245==    by 0x10AC01: manage_mlx (manage_mlx.c:175)
==53245==    by 0x10A7BB: main (main.c:66)
==53245== 
==53245== 344 bytes in 6 blocks are still reachable in loss record 39 of 54
==53245==    at 0x484DA83: calloc (in /usr/libexec/valgrind/vgpreload_memcheck-amd64-linux.so)
==53245==    by 0x49158F5: _XkbReadGetMapReply (in /usr/lib/x86_64-linux-gnu/libX11.so.6.4.0)
==53245==    by 0x491641E: XkbGetUpdatedMap (in /usr/lib/x86_64-linux-gnu/libX11.so.6.4.0)
==53245==    by 0x49164F4: XkbGetMap (in /usr/lib/x86_64-linux-gnu/libX11.so.6.4.0)
==53245==    by 0x4916542: ??? (in /usr/lib/x86_64-linux-gnu/libX11.so.6.4.0)
==53245==    by 0x49168AF: XkbKeycodeToKeysym (in /usr/lib/x86_64-linux-gnu/libX11.so.6.4.0)
==53245==    by 0x117ACD: mlx_int_param_KeyPress (in /nfs/homes/atucci/Desktop/mioGithubMiniRT/miniRT)
==53245==    by 0x117269: mlx_loop (in /nfs/homes/atucci/Desktop/mioGithubMiniRT/miniRT)
==53245==    by 0x10AC01: manage_mlx (manage_mlx.c:175)
==53245==    by 0x10A7BB: main (main.c:66)
==53245== 
==53245== 416 bytes in 2 blocks are still reachable in loss record 40 of 54
==53245==    at 0x4848899: malloc (in /usr/libexec/valgrind/vgpreload_memcheck-amd64-linux.so)
==53245==    by 0x48C9FAE: _XEnq (in /usr/lib/x86_64-linux-gnu/libX11.so.6.4.0)
==53245==    by 0x48CCBB6: ??? (in /usr/lib/x86_64-linux-gnu/libX11.so.6.4.0)
==53245==    by 0x48CDEC0: _XReadEvents (in /usr/lib/x86_64-linux-gnu/libX11.so.6.4.0)
==53245==    by 0x48CE1D0: XWindowEvent (in /usr/lib/x86_64-linux-gnu/libX11.so.6.4.0)
==53245==    by 0x117361: mlx_int_wait_first_expose (in /nfs/homes/atucci/Desktop/mioGithubMiniRT/miniRT)
==53245==    by 0x117122: mlx_new_window (in /nfs/homes/atucci/Desktop/mioGithubMiniRT/miniRT)
==53245==    by 0x10AB45: manage_mlx (manage_mlx.c:167)
==53245==    by 0x10A7BB: main (main.c:66)
==53245== 
==53245== 512 bytes in 1 blocks are still reachable in loss record 41 of 54
==53245==    at 0x484DA83: calloc (in /usr/libexec/valgrind/vgpreload_memcheck-amd64-linux.so)
==53245==    by 0x48B346A: ??? (in /usr/lib/x86_64-linux-gnu/libX11.so.6.4.0)
==53245==    by 0x48B384E: XInternAtom (in /usr/lib/x86_64-linux-gnu/libX11.so.6.4.0)
==53245==    by 0x116DA4: mlx_init (in /nfs/homes/atucci/Desktop/mioGithubMiniRT/miniRT)
==53245==    by 0x10AB0A: manage_mlx (manage_mlx.c:163)
==53245==    by 0x10A7BB: main (main.c:66)
==53245== 
==53245== 832 bytes in 4 blocks are still reachable in loss record 42 of 54
==53245==    at 0x4848899: malloc (in /usr/libexec/valgrind/vgpreload_memcheck-amd64-linux.so)
==53245==    by 0x48C9FAE: _XEnq (in /usr/lib/x86_64-linux-gnu/libX11.so.6.4.0)
==53245==    by 0x48CCBB6: ??? (in /usr/lib/x86_64-linux-gnu/libX11.so.6.4.0)
==53245==    by 0x48CCC69: _XEventsQueued (in /usr/lib/x86_64-linux-gnu/libX11.so.6.4.0)
==53245==    by 0x48A787D: XFlush (in /usr/lib/x86_64-linux-gnu/libX11.so.6.4.0)
==53245==    by 0x117689: mlx_int_new_xshm_image (in /nfs/homes/atucci/Desktop/mioGithubMiniRT/miniRT)
==53245==    by 0x1177B3: mlx_new_image (in /nfs/homes/atucci/Desktop/mioGithubMiniRT/miniRT)
==53245==    by 0x10AB74: my_new_image (manage_mlx.c:19)
==53245==    by 0x10AB74: manage_mlx (manage_mlx.c:168)
==53245==    by 0x10A7BB: main (main.c:66)
==53245== 
==53245== 1,040 bytes in 5 blocks are still reachable in loss record 43 of 54
==53245==    at 0x4848899: malloc (in /usr/libexec/valgrind/vgpreload_memcheck-amd64-linux.so)
==53245==    by 0x48C9FAE: _XEnq (in /usr/lib/x86_64-linux-gnu/libX11.so.6.4.0)
==53245==    by 0x48CCBB6: ??? (in /usr/lib/x86_64-linux-gnu/libX11.so.6.4.0)
==53245==    by 0x48CCC69: _XEventsQueued (in /usr/lib/x86_64-linux-gnu/libX11.so.6.4.0)
==53245==    by 0x48A787D: XFlush (in /usr/lib/x86_64-linux-gnu/libX11.so.6.4.0)
==53245==    by 0x117930: mlx_put_image_to_window (in /nfs/homes/atucci/Desktop/mioGithubMiniRT/miniRT)
==53245==    by 0x10ABAE: manage_mlx (manage_mlx.c:170)
==53245==    by 0x10A7BB: main (main.c:66)
==53245== 
==53245== 1,120 bytes in 1 blocks are still reachable in loss record 44 of 54
==53245==    at 0x484DA83: calloc (in /usr/libexec/valgrind/vgpreload_memcheck-amd64-linux.so)
==53245==    by 0x491B619: XkbAllocClientMap (in /usr/lib/x86_64-linux-gnu/libX11.so.6.4.0)
==53245==    by 0x4915EB7: _XkbReadGetMapReply (in /usr/lib/x86_64-linux-gnu/libX11.so.6.4.0)
==53245==    by 0x491641E: XkbGetUpdatedMap (in /usr/lib/x86_64-linux-gnu/libX11.so.6.4.0)
==53245==    by 0x49164F4: XkbGetMap (in /usr/lib/x86_64-linux-gnu/libX11.so.6.4.0)
==53245==    by 0x4916542: ??? (in /usr/lib/x86_64-linux-gnu/libX11.so.6.4.0)
==53245==    by 0x49168AF: XkbKeycodeToKeysym (in /usr/lib/x86_64-linux-gnu/libX11.so.6.4.0)
==53245==    by 0x117ACD: mlx_int_param_KeyPress (in /nfs/homes/atucci/Desktop/mioGithubMiniRT/miniRT)
==53245==    by 0x117269: mlx_loop (in /nfs/homes/atucci/Desktop/mioGithubMiniRT/miniRT)
==53245==    by 0x10AC01: manage_mlx (manage_mlx.c:175)
==53245==    by 0x10A7BB: main (main.c:66)
==53245== 
==53245== 1,456 bytes in 7 blocks are still reachable in loss record 45 of 54
==53245==    at 0x4848899: malloc (in /usr/libexec/valgrind/vgpreload_memcheck-amd64-linux.so)
==53245==    by 0x48C9FAE: _XEnq (in /usr/lib/x86_64-linux-gnu/libX11.so.6.4.0)
==53245==    by 0x48CCBB6: ??? (in /usr/lib/x86_64-linux-gnu/libX11.so.6.4.0)
==53245==    by 0x48CDF01: _XReadEvents (in /usr/lib/x86_64-linux-gnu/libX11.so.6.4.0)
==53245==    by 0x48CE1D0: XWindowEvent (in /usr/lib/x86_64-linux-gnu/libX11.so.6.4.0)
==53245==    by 0x117361: mlx_int_wait_first_expose (in /nfs/homes/atucci/Desktop/mioGithubMiniRT/miniRT)
==53245==    by 0x117122: mlx_new_window (in /nfs/homes/atucci/Desktop/mioGithubMiniRT/miniRT)
==53245==    by 0x10AB45: manage_mlx (manage_mlx.c:167)
==53245==    by 0x10A7BB: main (main.c:66)
==53245== 
==53245== 2,016 bytes in 27 blocks are still reachable in loss record 46 of 54
==53245==    at 0x484DA83: calloc (in /usr/libexec/valgrind/vgpreload_memcheck-amd64-linux.so)
==53245==    by 0x49157DD: _XkbReadGetMapReply (in /usr/lib/x86_64-linux-gnu/libX11.so.6.4.0)
==53245==    by 0x491641E: XkbGetUpdatedMap (in /usr/lib/x86_64-linux-gnu/libX11.so.6.4.0)
==53245==    by 0x49164F4: XkbGetMap (in /usr/lib/x86_64-linux-gnu/libX11.so.6.4.0)
==53245==    by 0x4916542: ??? (in /usr/lib/x86_64-linux-gnu/libX11.so.6.4.0)
==53245==    by 0x49168AF: XkbKeycodeToKeysym (in /usr/lib/x86_64-linux-gnu/libX11.so.6.4.0)
==53245==    by 0x117ACD: mlx_int_param_KeyPress (in /nfs/homes/atucci/Desktop/mioGithubMiniRT/miniRT)
==53245==    by 0x117269: mlx_loop (in /nfs/homes/atucci/Desktop/mioGithubMiniRT/miniRT)
==53245==    by 0x10AC01: manage_mlx (manage_mlx.c:175)
==53245==    by 0x10A7BB: main (main.c:66)
==53245== 
==53245== 2,048 bytes in 1 blocks are still reachable in loss record 47 of 54
==53245==    at 0x484DA83: calloc (in /usr/libexec/valgrind/vgpreload_memcheck-amd64-linux.so)
==53245==    by 0x4915914: _XkbReadGetMapReply (in /usr/lib/x86_64-linux-gnu/libX11.so.6.4.0)
==53245==    by 0x491641E: XkbGetUpdatedMap (in /usr/lib/x86_64-linux-gnu/libX11.so.6.4.0)
==53245==    by 0x49164F4: XkbGetMap (in /usr/lib/x86_64-linux-gnu/libX11.so.6.4.0)
==53245==    by 0x4916542: ??? (in /usr/lib/x86_64-linux-gnu/libX11.so.6.4.0)
==53245==    by 0x49168AF: XkbKeycodeToKeysym (in /usr/lib/x86_64-linux-gnu/libX11.so.6.4.0)
==53245==    by 0x117ACD: mlx_int_param_KeyPress (in /nfs/homes/atucci/Desktop/mioGithubMiniRT/miniRT)
==53245==    by 0x117269: mlx_loop (in /nfs/homes/atucci/Desktop/mioGithubMiniRT/miniRT)
==53245==    by 0x10AC01: manage_mlx (manage_mlx.c:175)
==53245==    by 0x10A7BB: main (main.c:66)
==53245== 
==53245== 2,496 bytes in 12 blocks are still reachable in loss record 48 of 54
==53245==    at 0x4848899: malloc (in /usr/libexec/valgrind/vgpreload_memcheck-amd64-linux.so)
==53245==    by 0x48C9FAE: _XEnq (in /usr/lib/x86_64-linux-gnu/libX11.so.6.4.0)
==53245==    by 0x48CCBB6: ??? (in /usr/lib/x86_64-linux-gnu/libX11.so.6.4.0)
==53245==    by 0x48CDF01: _XReadEvents (in /usr/lib/x86_64-linux-gnu/libX11.so.6.4.0)
==53245==    by 0x48CE205: XWindowEvent (in /usr/lib/x86_64-linux-gnu/libX11.so.6.4.0)
==53245==    by 0x117361: mlx_int_wait_first_expose (in /nfs/homes/atucci/Desktop/mioGithubMiniRT/miniRT)
==53245==    by 0x117122: mlx_new_window (in /nfs/homes/atucci/Desktop/mioGithubMiniRT/miniRT)
==53245==    by 0x10AB45: manage_mlx (manage_mlx.c:167)
==53245==    by 0x10A7BB: main (main.c:66)
==53245== 
==53245== 4,704 bytes in 1 blocks are still reachable in loss record 49 of 54
==53245==    at 0x484DA83: calloc (in /usr/libexec/valgrind/vgpreload_memcheck-amd64-linux.so)
==53245==    by 0x48B7B31: XOpenDisplay (in /usr/lib/x86_64-linux-gnu/libX11.so.6.4.0)
==53245==    by 0x116D32: mlx_init (in /nfs/homes/atucci/Desktop/mioGithubMiniRT/miniRT)
==53245==    by 0x10AB0A: manage_mlx (manage_mlx.c:163)
==53245==    by 0x10A7BB: main (main.c:66)
==53245== 
==53245== 7,168 bytes in 1 blocks are still reachable in loss record 50 of 54
==53245==    at 0x484DA83: calloc (in /usr/libexec/valgrind/vgpreload_memcheck-amd64-linux.so)
==53245==    by 0x491613E: _XkbReadGetMapReply (in /usr/lib/x86_64-linux-gnu/libX11.so.6.4.0)
==53245==    by 0x491641E: XkbGetUpdatedMap (in /usr/lib/x86_64-linux-gnu/libX11.so.6.4.0)
==53245==    by 0x49164F4: XkbGetMap (in /usr/lib/x86_64-linux-gnu/libX11.so.6.4.0)
==53245==    by 0x4916542: ??? (in /usr/lib/x86_64-linux-gnu/libX11.so.6.4.0)
==53245==    by 0x49168AF: XkbKeycodeToKeysym (in /usr/lib/x86_64-linux-gnu/libX11.so.6.4.0)
==53245==    by 0x117ACD: mlx_int_param_KeyPress (in /nfs/homes/atucci/Desktop/mioGithubMiniRT/miniRT)
==53245==    by 0x117269: mlx_loop (in /nfs/homes/atucci/Desktop/mioGithubMiniRT/miniRT)
==53245==    by 0x10AC01: manage_mlx (manage_mlx.c:175)
==53245==    by 0x10A7BB: main (main.c:66)
==53245== 
==53245== 9,572 bytes in 1 blocks are still reachable in loss record 51 of 54
==53245==    at 0x484DCD3: realloc (in /usr/libexec/valgrind/vgpreload_memcheck-amd64-linux.so)
==53245==    by 0x4D054FB: xcb_connect_to_fd (in /usr/lib/x86_64-linux-gnu/libxcb.so.1.1.0)
==53245==    by 0x4D05E6B: xcb_connect_to_display_with_auth_info (in /usr/lib/x86_64-linux-gnu/libxcb.so.1.1.0)
==53245==    by 0x48C7EE9: _XConnectXCB (in /usr/lib/x86_64-linux-gnu/libX11.so.6.4.0)
==53245==    by 0x48B7B68: XOpenDisplay (in /usr/lib/x86_64-linux-gnu/libX11.so.6.4.0)
==53245==    by 0x116D32: mlx_init (in /nfs/homes/atucci/Desktop/mioGithubMiniRT/miniRT)
==53245==    by 0x10AB0A: manage_mlx (manage_mlx.c:163)
==53245==    by 0x10A7BB: main (main.c:66)
==53245== 
==53245== 16,384 bytes in 1 blocks are still reachable in loss record 52 of 54
==53245==    at 0x484DA83: calloc (in /usr/libexec/valgrind/vgpreload_memcheck-amd64-linux.so)
==53245==    by 0x48B7EBE: XOpenDisplay (in /usr/lib/x86_64-linux-gnu/libX11.so.6.4.0)
==53245==    by 0x116D32: mlx_init (in /nfs/homes/atucci/Desktop/mioGithubMiniRT/miniRT)
==53245==    by 0x10AB0A: manage_mlx (manage_mlx.c:163)
==53245==    by 0x10A7BB: main (main.c:66)
==53245== 
==53245== 21,168 bytes in 1 blocks are still reachable in loss record 53 of 54
==53245==    at 0x484DA83: calloc (in /usr/libexec/valgrind/vgpreload_memcheck-amd64-linux.so)
==53245==    by 0x4D05204: xcb_connect_to_fd (in /usr/lib/x86_64-linux-gnu/libxcb.so.1.1.0)
==53245==    by 0x4D05E6B: xcb_connect_to_display_with_auth_info (in /usr/lib/x86_64-linux-gnu/libxcb.so.1.1.0)
==53245==    by 0x48C7EE9: _XConnectXCB (in /usr/lib/x86_64-linux-gnu/libX11.so.6.4.0)
==53245==    by 0x48B7B68: XOpenDisplay (in /usr/lib/x86_64-linux-gnu/libX11.so.6.4.0)
==53245==    by 0x116D32: mlx_init (in /nfs/homes/atucci/Desktop/mioGithubMiniRT/miniRT)
==53245==    by 0x10AB0A: manage_mlx (manage_mlx.c:163)
==53245==    by 0x10A7BB: main (main.c:66)
==53245== 
==53245== 21,840 bytes in 2 blocks are still reachable in loss record 54 of 54
==53245==    at 0x484DA83: calloc (in /usr/libexec/valgrind/vgpreload_memcheck-amd64-linux.so)
==53245==    by 0x48B8290: XOpenDisplay (in /usr/lib/x86_64-linux-gnu/libX11.so.6.4.0)
==53245==    by 0x116D32: mlx_init (in /nfs/homes/atucci/Desktop/mioGithubMiniRT/miniRT)
==53245==    by 0x10AB0A: manage_mlx (manage_mlx.c:163)
==53245==    by 0x10A7BB: main (main.c:66)
==53245== 
==53245== LEAK SUMMARY:
==53245==    definitely lost: 0 bytes in 0 blocks
==53245==    indirectly lost: 0 bytes in 0 blocks
==53245==      possibly lost: 0 bytes in 0 blocks
==53245==    still reachable: 96,191 bytes in 111 blocks
==53245==         suppressed: 0 bytes in 0 blocks
==53245== 
==53245== For lists of detected and suppressed errors, rerun with: -s
==53245== ERROR SUMMARY: 19511 errors from 24 contexts (suppressed: 1 from 1)
