==2857640== Memcheck, a memory error detector
==2857640== Copyright (C) 2002-2017, and GNU GPL'd, by Julian Seward et al.
==2857640== Using Valgrind-3.18.1 and LibVEX; rerun with -h for copyright info
==2857640== Command: ./miniRT DIRmaps/pt10L__Idiota.rt
==2857640== 
[1;32mcorrect extension[0m
[[1;31mA[0m]
[[1;31m [0m]
[[1;31mC[0m]
[[1;31m [0m]
[[1;31m [0m]
[[1;31m [0m]
[42mfinished[49m READING THE MAP 1 TIME
[1;33m	allocation[0m
set back [1;33mSTRUCT[0m zero again 
	*[1;33mSETTING UP AMBIENT LIGHTING[0m**
Parsing color (255,255,255 )
[[1;31m [0m]

	[1;36m*SETTING UP CAMERA[0m*
Parsing vector (-45,5,20)
Parsing vector (0,0,1)
	*[1;35mSETTING UP LIGHTS*[0m
Parsing vector (5,10,100)
Parsing color (240,240,255 )
[[1;31m [0m]

	[1;34m*SETTING UP PLANES*[0m
Parsing vector (0,-8,0)
Parsing vector (0,1,0)
Parsing color (180,180,100 )
[[1;31m [0m]

	[1;31m*SETTING UP SPHERES*[0m
Parsing vector (-45,5,-10)
Parsing color (255,100,100 )
	[1;32m*SETTING UP CYLINDER*[0m
Parsing vector (-40,5,15)
Parsing vector (0,1,0)
Parsing color (60,220,220 )
[[1;31m [0m]
[1;33mmlx_init has started[0m
[43mgetting address in img_data[0m
==2857640== Conditional jump or move depends on uninitialised value(s)
==2857640==    at 0x11204E: intersect_caps (intersection_cylinder.c:50)
==2857640==    by 0x11204E: intersect_cylinder (intersection_cylinder.c:154)
==2857640==    by 0x110BC0: each_pixel_calculationV2 (cast_ray_helper.c:81)
==2857640==    by 0x11099C: cast_rays (cast_ray.c:94)
==2857640==    by 0x10AFA4: draw_scene (draw_scene.c:67)
==2857640==    by 0x10A7D8: manage_mlx (manage_mlx.c:112)
==2857640==    by 0x10A5FB: main (main.c:40)
==2857640==  Uninitialised value was created by a heap allocation
==2857640==    at 0x4848899: malloc (in /usr/libexec/valgrind/vgpreload_memcheck-amd64-linux.so)
==2857640==    by 0x10BD80: start_cylinder (start_shapes.c:24)
==2857640==    by 0x10B9CC: split_line (parsing_map.c:68)
==2857640==    by 0x10B9CC: parse_map (parsing_map.c:91)
==2857640==    by 0x10B9CC: open_map (parsing_map.c:110)
==2857640==    by 0x10A59F: main (main.c:34)
==2857640== 
==2857640== Conditional jump or move depends on uninitialised value(s)
==2857640==    at 0x10DCDF: add (vector_operations.c:22)
==2857640==    by 0x112C02: prepare_computations (computation.c:44)
==2857640==    by 0x110C3C: each_pixel_calculationV2 (cast_ray_helper.c:94)
==2857640==    by 0x11099C: cast_rays (cast_ray.c:94)
==2857640==    by 0x10AFA4: draw_scene (draw_scene.c:67)
==2857640==    by 0x10A7D8: manage_mlx (manage_mlx.c:112)
==2857640==    by 0x10A5FB: main (main.c:40)
==2857640==  Uninitialised value was created by a stack allocation
==2857640==    at 0x110A20: each_pixel_calculationV2 (cast_ray_helper.c:45)
==2857640== 
==2857640== Conditional jump or move depends on uninitialised value(s)
==2857640==    at 0x10E21C: magnitude (complex_operations.c:38)
==2857640==    by 0x112A6F: is_shadowed (is_shadowed.c:66)
==2857640==    by 0x112EDB: shade_hit (computation.c:58)
==2857640==    by 0x110C60: each_pixel_calculationV2 (cast_ray_helper.c:95)
==2857640==    by 0x11099C: cast_rays (cast_ray.c:94)
==2857640==    by 0x10AFA4: draw_scene (draw_scene.c:67)
==2857640==    by 0x10A7D8: manage_mlx (manage_mlx.c:112)
==2857640==    by 0x10A5FB: main (main.c:40)
==2857640==  Uninitialised value was created by a stack allocation
==2857640==    at 0x111640: intersect_sphere (intersection_sphere.c:17)
==2857640== 
==2857640== Conditional jump or move depends on uninitialised value(s)
==2857640==    at 0x10DFDC: normalization (complex_operations.c:21)
==2857640==    by 0x112AB2: is_shadowed (is_shadowed.c:68)
==2857640==    by 0x112EDB: shade_hit (computation.c:58)
==2857640==    by 0x110C60: each_pixel_calculationV2 (cast_ray_helper.c:95)
==2857640==    by 0x11099C: cast_rays (cast_ray.c:94)
==2857640==    by 0x10AFA4: draw_scene (draw_scene.c:67)
==2857640==    by 0x10A7D8: manage_mlx (manage_mlx.c:112)
==2857640==    by 0x10A5FB: main (main.c:40)
==2857640==  Uninitialised value was created by a stack allocation
==2857640==    at 0x111640: intersect_sphere (intersection_sphere.c:17)
==2857640== 
==2857640== Conditional jump or move depends on uninitialised value(s)
==2857640==    at 0x10DFF6: normalization (complex_operations.c:21)
==2857640==    by 0x112AB2: is_shadowed (is_shadowed.c:68)
==2857640==    by 0x112EDB: shade_hit (computation.c:58)
==2857640==    by 0x110C60: each_pixel_calculationV2 (cast_ray_helper.c:95)
==2857640==    by 0x11099C: cast_rays (cast_ray.c:94)
==2857640==    by 0x10AFA4: draw_scene (draw_scene.c:67)
==2857640==    by 0x10A7D8: manage_mlx (manage_mlx.c:112)
==2857640==    by 0x10A5FB: main (main.c:40)
==2857640==  Uninitialised value was created by a stack allocation
==2857640==    at 0x111640: intersect_sphere (intersection_sphere.c:17)
==2857640== 
==2857640== Conditional jump or move depends on uninitialised value(s)
==2857640==    at 0x10E03F: normalization (complex_operations.c:29)
==2857640==    by 0x112AB2: is_shadowed (is_shadowed.c:68)
==2857640==    by 0x112EDB: shade_hit (computation.c:58)
==2857640==    by 0x110C60: each_pixel_calculationV2 (cast_ray_helper.c:95)
==2857640==    by 0x11099C: cast_rays (cast_ray.c:94)
==2857640==    by 0x10AFA4: draw_scene (draw_scene.c:67)
==2857640==    by 0x10A7D8: manage_mlx (manage_mlx.c:112)
==2857640==    by 0x10A5FB: main (main.c:40)
==2857640==  Uninitialised value was created by a stack allocation
==2857640==    at 0x111640: intersect_sphere (intersection_sphere.c:17)
==2857640== 
==2857640== Conditional jump or move depends on uninitialised value(s)
==2857640==    at 0x10E08E: normalization (complex_operations.c:28)
==2857640==    by 0x112AB2: is_shadowed (is_shadowed.c:68)
==2857640==    by 0x112EDB: shade_hit (computation.c:58)
==2857640==    by 0x110C60: each_pixel_calculationV2 (cast_ray_helper.c:95)
==2857640==    by 0x11099C: cast_rays (cast_ray.c:94)
==2857640==    by 0x10AFA4: draw_scene (draw_scene.c:67)
==2857640==    by 0x10A7D8: manage_mlx (manage_mlx.c:112)
==2857640==    by 0x10A5FB: main (main.c:40)
==2857640==  Uninitialised value was created by a stack allocation
==2857640==    at 0x111640: intersect_sphere (intersection_sphere.c:17)
==2857640== 
==2857640== Conditional jump or move depends on uninitialised value(s)
==2857640==    at 0x10E10B: normalization (complex_operations.c:30)
==2857640==    by 0x112AB2: is_shadowed (is_shadowed.c:68)
==2857640==    by 0x112EDB: shade_hit (computation.c:58)
==2857640==    by 0x110C60: each_pixel_calculationV2 (cast_ray_helper.c:95)
==2857640==    by 0x11099C: cast_rays (cast_ray.c:94)
==2857640==    by 0x10AFA4: draw_scene (draw_scene.c:67)
==2857640==    by 0x10A7D8: manage_mlx (manage_mlx.c:112)
==2857640==    by 0x10A5FB: main (main.c:40)
==2857640==  Uninitialised value was created by a stack allocation
==2857640==    at 0x111640: intersect_sphere (intersection_sphere.c:17)
==2857640== 
==2857640== Conditional jump or move depends on uninitialised value(s)
==2857640==    at 0x10E15A: normalization (complex_operations.c:30)
==2857640==    by 0x112AB2: is_shadowed (is_shadowed.c:68)
==2857640==    by 0x112EDB: shade_hit (computation.c:58)
==2857640==    by 0x110C60: each_pixel_calculationV2 (cast_ray_helper.c:95)
==2857640==    by 0x11099C: cast_rays (cast_ray.c:94)
==2857640==    by 0x10AFA4: draw_scene (draw_scene.c:67)
==2857640==    by 0x10A7D8: manage_mlx (manage_mlx.c:112)
==2857640==    by 0x10A5FB: main (main.c:40)
==2857640==  Uninitialised value was created by a stack allocation
==2857640==    at 0x111640: intersect_sphere (intersection_sphere.c:17)
==2857640== 
==2857640== Conditional jump or move depends on uninitialised value(s)
==2857640==    at 0x10DFDC: normalization (complex_operations.c:21)
==2857640==    by 0x110587: transform_ray (transformation_ray.c:22)
==2857640==    by 0x1116C4: intersect_sphere (intersection_sphere.c:32)
==2857640==    by 0x112901: intersect_world (is_shadowed.c:32)
==2857640==    by 0x112AEC: is_shadowed (is_shadowed.c:69)
==2857640==    by 0x112EDB: shade_hit (computation.c:58)
==2857640==    by 0x110C60: each_pixel_calculationV2 (cast_ray_helper.c:95)
==2857640==    by 0x11099C: cast_rays (cast_ray.c:94)
==2857640==    by 0x10AFA4: draw_scene (draw_scene.c:67)
==2857640==    by 0x10A7D8: manage_mlx (manage_mlx.c:112)
==2857640==    by 0x10A5FB: main (main.c:40)
==2857640==  Uninitialised value was created by a stack allocation
==2857640==    at 0x111640: intersect_sphere (intersection_sphere.c:17)
==2857640== 
==2857640== Conditional jump or move depends on uninitialised value(s)
==2857640==    at 0x10DFF6: normalization (complex_operations.c:21)
==2857640==    by 0x110587: transform_ray (transformation_ray.c:22)
==2857640==    by 0x1116C4: intersect_sphere (intersection_sphere.c:32)
==2857640==    by 0x112901: intersect_world (is_shadowed.c:32)
==2857640==    by 0x112AEC: is_shadowed (is_shadowed.c:69)
==2857640==    by 0x112EDB: shade_hit (computation.c:58)
==2857640==    by 0x110C60: each_pixel_calculationV2 (cast_ray_helper.c:95)
==2857640==    by 0x11099C: cast_rays (cast_ray.c:94)
==2857640==    by 0x10AFA4: draw_scene (draw_scene.c:67)
==2857640==    by 0x10A7D8: manage_mlx (manage_mlx.c:112)
==2857640==    by 0x10A5FB: main (main.c:40)
==2857640==  Uninitialised value was created by a stack allocation
==2857640==    at 0x111640: intersect_sphere (intersection_sphere.c:17)
==2857640== 
==2857640== Conditional jump or move depends on uninitialised value(s)
==2857640==    at 0x10E03F: normalization (complex_operations.c:29)
==2857640==    by 0x110587: transform_ray (transformation_ray.c:22)
==2857640==    by 0x1116C4: intersect_sphere (intersection_sphere.c:32)
==2857640==    by 0x112901: intersect_world (is_shadowed.c:32)
==2857640==    by 0x112AEC: is_shadowed (is_shadowed.c:69)
==2857640==    by 0x112EDB: shade_hit (computation.c:58)
==2857640==    by 0x110C60: each_pixel_calculationV2 (cast_ray_helper.c:95)
==2857640==    by 0x11099C: cast_rays (cast_ray.c:94)
==2857640==    by 0x10AFA4: draw_scene (draw_scene.c:67)
==2857640==    by 0x10A7D8: manage_mlx (manage_mlx.c:112)
==2857640==    by 0x10A5FB: main (main.c:40)
==2857640==  Uninitialised value was created by a stack allocation
==2857640==    at 0x111640: intersect_sphere (intersection_sphere.c:17)
==2857640== 
==2857640== Conditional jump or move depends on uninitialised value(s)
==2857640==    at 0x10E08E: normalization (complex_operations.c:28)
==2857640==    by 0x110587: transform_ray (transformation_ray.c:22)
==2857640==    by 0x1116C4: intersect_sphere (intersection_sphere.c:32)
==2857640==    by 0x112901: intersect_world (is_shadowed.c:32)
==2857640==    by 0x112AEC: is_shadowed (is_shadowed.c:69)
==2857640==    by 0x112EDB: shade_hit (computation.c:58)
==2857640==    by 0x110C60: each_pixel_calculationV2 (cast_ray_helper.c:95)
==2857640==    by 0x11099C: cast_rays (cast_ray.c:94)
==2857640==    by 0x10AFA4: draw_scene (draw_scene.c:67)
==2857640==    by 0x10A7D8: manage_mlx (manage_mlx.c:112)
==2857640==    by 0x10A5FB: main (main.c:40)
==2857640==  Uninitialised value was created by a stack allocation
==2857640==    at 0x111640: intersect_sphere (intersection_sphere.c:17)
==2857640== 
==2857640== Conditional jump or move depends on uninitialised value(s)
==2857640==    at 0x10E10B: normalization (complex_operations.c:30)
==2857640==    by 0x110587: transform_ray (transformation_ray.c:22)
==2857640==    by 0x1116C4: intersect_sphere (intersection_sphere.c:32)
==2857640==    by 0x112901: intersect_world (is_shadowed.c:32)
==2857640==    by 0x112AEC: is_shadowed (is_shadowed.c:69)
==2857640==    by 0x112EDB: shade_hit (computation.c:58)
==2857640==    by 0x110C60: each_pixel_calculationV2 (cast_ray_helper.c:95)
==2857640==    by 0x11099C: cast_rays (cast_ray.c:94)
==2857640==    by 0x10AFA4: draw_scene (draw_scene.c:67)
==2857640==    by 0x10A7D8: manage_mlx (manage_mlx.c:112)
==2857640==    by 0x10A5FB: main (main.c:40)
==2857640==  Uninitialised value was created by a stack allocation
==2857640==    at 0x111640: intersect_sphere (intersection_sphere.c:17)
==2857640== 
==2857640== Conditional jump or move depends on uninitialised value(s)
==2857640==    at 0x10E15A: normalization (complex_operations.c:30)
==2857640==    by 0x110587: transform_ray (transformation_ray.c:22)
==2857640==    by 0x1116C4: intersect_sphere (intersection_sphere.c:32)
==2857640==    by 0x112901: intersect_world (is_shadowed.c:32)
==2857640==    by 0x112AEC: is_shadowed (is_shadowed.c:69)
==2857640==    by 0x112EDB: shade_hit (computation.c:58)
==2857640==    by 0x110C60: each_pixel_calculationV2 (cast_ray_helper.c:95)
==2857640==    by 0x11099C: cast_rays (cast_ray.c:94)
==2857640==    by 0x10AFA4: draw_scene (draw_scene.c:67)
==2857640==    by 0x10A7D8: manage_mlx (manage_mlx.c:112)
==2857640==    by 0x10A5FB: main (main.c:40)
==2857640==  Uninitialised value was created by a stack allocation
==2857640==    at 0x111640: intersect_sphere (intersection_sphere.c:17)
==2857640== 
==2857640== Conditional jump or move depends on uninitialised value(s)
==2857640==    at 0x10DD92: subtract (vector_operations.c:37)
==2857640==    by 0x110359: get_sphere_to_ray (intersection_ray.c:24)
==2857640==    by 0x111739: intersect_sphere (intersection_sphere.c:35)
==2857640==    by 0x112901: intersect_world (is_shadowed.c:32)
==2857640==    by 0x112AEC: is_shadowed (is_shadowed.c:69)
==2857640==    by 0x112EDB: shade_hit (computation.c:58)
==2857640==    by 0x110C60: each_pixel_calculationV2 (cast_ray_helper.c:95)
==2857640==    by 0x11099C: cast_rays (cast_ray.c:94)
==2857640==    by 0x10AFA4: draw_scene (draw_scene.c:67)
==2857640==    by 0x10A7D8: manage_mlx (manage_mlx.c:112)
==2857640==    by 0x10A5FB: main (main.c:40)
==2857640==  Uninitialised value was created by a stack allocation
==2857640==    at 0x111640: intersect_sphere (intersection_sphere.c:17)
==2857640== 
==2857640== Conditional jump or move depends on uninitialised value(s)
==2857640==    at 0x1117AF: intersect_sphere (intersection_sphere.c:37)
==2857640==    by 0x112901: intersect_world (is_shadowed.c:32)
==2857640==    by 0x112AEC: is_shadowed (is_shadowed.c:69)
==2857640==    by 0x112EDB: shade_hit (computation.c:58)
==2857640==    by 0x110C60: each_pixel_calculationV2 (cast_ray_helper.c:95)
==2857640==    by 0x11099C: cast_rays (cast_ray.c:94)
==2857640==    by 0x10AFA4: draw_scene (draw_scene.c:67)
==2857640==    by 0x10A7D8: manage_mlx (manage_mlx.c:112)
==2857640==    by 0x10A5FB: main (main.c:40)
==2857640==  Uninitialised value was created by a stack allocation
==2857640==    at 0x111640: intersect_sphere (intersection_sphere.c:17)
==2857640== 
==2857640== Conditional jump or move depends on uninitialised value(s)
==2857640==    at 0x11181F: intersect_sphere (intersection_sphere.c:39)
==2857640==    by 0x112901: intersect_world (is_shadowed.c:32)
==2857640==    by 0x112AEC: is_shadowed (is_shadowed.c:69)
==2857640==    by 0x112EDB: shade_hit (computation.c:58)
==2857640==    by 0x110C60: each_pixel_calculationV2 (cast_ray_helper.c:95)
==2857640==    by 0x11099C: cast_rays (cast_ray.c:94)
==2857640==    by 0x10AFA4: draw_scene (draw_scene.c:67)
==2857640==    by 0x10A7D8: manage_mlx (manage_mlx.c:112)
==2857640==    by 0x10A5FB: main (main.c:40)
==2857640==  Uninitialised value was created by a stack allocation
==2857640==    at 0x111640: intersect_sphere (intersection_sphere.c:17)
==2857640== 
==2857640== Conditional jump or move depends on uninitialised value(s)
==2857640==    at 0x1118D8: intersect_sphere (intersection_sphere.c:40)
==2857640==    by 0x112901: intersect_world (is_shadowed.c:32)
==2857640==    by 0x112AEC: is_shadowed (is_shadowed.c:69)
==2857640==    by 0x112EDB: shade_hit (computation.c:58)
==2857640==    by 0x110C60: each_pixel_calculationV2 (cast_ray_helper.c:95)
==2857640==    by 0x11099C: cast_rays (cast_ray.c:94)
==2857640==    by 0x10AFA4: draw_scene (draw_scene.c:67)
==2857640==    by 0x10A7D8: manage_mlx (manage_mlx.c:112)
==2857640==    by 0x10A5FB: main (main.c:40)
==2857640==  Uninitialised value was created by a stack allocation
==2857640==    at 0x111640: intersect_sphere (intersection_sphere.c:17)
==2857640== 
==2857640== Conditional jump or move depends on uninitialised value(s)
==2857640==    at 0x1119BF: intersect_sphere (intersection_sphere.c:43)
==2857640==    by 0x112901: intersect_world (is_shadowed.c:32)
==2857640==    by 0x112AEC: is_shadowed (is_shadowed.c:69)
==2857640==    by 0x112EDB: shade_hit (computation.c:58)
==2857640==    by 0x110C60: each_pixel_calculationV2 (cast_ray_helper.c:95)
==2857640==    by 0x11099C: cast_rays (cast_ray.c:94)
==2857640==    by 0x10AFA4: draw_scene (draw_scene.c:67)
==2857640==    by 0x10A7D8: manage_mlx (manage_mlx.c:112)
==2857640==    by 0x10A5FB: main (main.c:40)
==2857640==  Uninitialised value was created by a stack allocation
==2857640==    at 0x111640: intersect_sphere (intersection_sphere.c:17)
==2857640== 
==2857640== Conditional jump or move depends on uninitialised value(s)
==2857640==    at 0x10DFDC: normalization (complex_operations.c:21)
==2857640==    by 0x110587: transform_ray (transformation_ray.c:22)
==2857640==    by 0x111A70: intersect_plane (intersection_plane.c:28)
==2857640==    by 0x112971: intersect_world (is_shadowed.c:40)
==2857640==    by 0x112AEC: is_shadowed (is_shadowed.c:69)
==2857640==    by 0x112EDB: shade_hit (computation.c:58)
==2857640==    by 0x110C60: each_pixel_calculationV2 (cast_ray_helper.c:95)
==2857640==    by 0x11099C: cast_rays (cast_ray.c:94)
==2857640==    by 0x10AFA4: draw_scene (draw_scene.c:67)
==2857640==    by 0x10A7D8: manage_mlx (manage_mlx.c:112)
==2857640==    by 0x10A5FB: main (main.c:40)
==2857640==  Uninitialised value was created by a stack allocation
==2857640==    at 0x111640: intersect_sphere (intersection_sphere.c:17)
==2857640== 
==2857640== Conditional jump or move depends on uninitialised value(s)
==2857640==    at 0x10DFF6: normalization (complex_operations.c:21)
==2857640==    by 0x110587: transform_ray (transformation_ray.c:22)
==2857640==    by 0x111A70: intersect_plane (intersection_plane.c:28)
==2857640==    by 0x112971: intersect_world (is_shadowed.c:40)
==2857640==    by 0x112AEC: is_shadowed (is_shadowed.c:69)
==2857640==    by 0x112EDB: shade_hit (computation.c:58)
==2857640==    by 0x110C60: each_pixel_calculationV2 (cast_ray_helper.c:95)
==2857640==    by 0x11099C: cast_rays (cast_ray.c:94)
==2857640==    by 0x10AFA4: draw_scene (draw_scene.c:67)
==2857640==    by 0x10A7D8: manage_mlx (manage_mlx.c:112)
==2857640==    by 0x10A5FB: main (main.c:40)
==2857640==  Uninitialised value was created by a stack allocation
==2857640==    at 0x111640: intersect_sphere (intersection_sphere.c:17)
==2857640== 
==2857640== Conditional jump or move depends on uninitialised value(s)
==2857640==    at 0x10E03F: normalization (complex_operations.c:29)
==2857640==    by 0x110587: transform_ray (transformation_ray.c:22)
==2857640==    by 0x111A70: intersect_plane (intersection_plane.c:28)
==2857640==    by 0x112971: intersect_world (is_shadowed.c:40)
==2857640==    by 0x112AEC: is_shadowed (is_shadowed.c:69)
==2857640==    by 0x112EDB: shade_hit (computation.c:58)
==2857640==    by 0x110C60: each_pixel_calculationV2 (cast_ray_helper.c:95)
==2857640==    by 0x11099C: cast_rays (cast_ray.c:94)
==2857640==    by 0x10AFA4: draw_scene (draw_scene.c:67)
==2857640==    by 0x10A7D8: manage_mlx (manage_mlx.c:112)
==2857640==    by 0x10A5FB: main (main.c:40)
==2857640==  Uninitialised value was created by a stack allocation
==2857640==    at 0x111640: intersect_sphere (intersection_sphere.c:17)
==2857640== 
==2857640== Conditional jump or move depends on uninitialised value(s)
==2857640==    at 0x10E08E: normalization (complex_operations.c:28)
==2857640==    by 0x110587: transform_ray (transformation_ray.c:22)
==2857640==    by 0x111A70: intersect_plane (intersection_plane.c:28)
==2857640==    by 0x112971: intersect_world (is_shadowed.c:40)
==2857640==    by 0x112AEC: is_shadowed (is_shadowed.c:69)
==2857640==    by 0x112EDB: shade_hit (computation.c:58)
==2857640==    by 0x110C60: each_pixel_calculationV2 (cast_ray_helper.c:95)
==2857640==    by 0x11099C: cast_rays (cast_ray.c:94)
==2857640==    by 0x10AFA4: draw_scene (draw_scene.c:67)
==2857640==    by 0x10A7D8: manage_mlx (manage_mlx.c:112)
==2857640==    by 0x10A5FB: main (main.c:40)
==2857640==  Uninitialised value was created by a stack allocation
==2857640==    at 0x111640: intersect_sphere (intersection_sphere.c:17)
==2857640== 
==2857640== Conditional jump or move depends on uninitialised value(s)
==2857640==    at 0x10E10B: normalization (complex_operations.c:30)
==2857640==    by 0x110587: transform_ray (transformation_ray.c:22)
==2857640==    by 0x111A70: intersect_plane (intersection_plane.c:28)
==2857640==    by 0x112971: intersect_world (is_shadowed.c:40)
==2857640==    by 0x112AEC: is_shadowed (is_shadowed.c:69)
==2857640==    by 0x112EDB: shade_hit (computation.c:58)
==2857640==    by 0x110C60: each_pixel_calculationV2 (cast_ray_helper.c:95)
==2857640==    by 0x11099C: cast_rays (cast_ray.c:94)
==2857640==    by 0x10AFA4: draw_scene (draw_scene.c:67)
==2857640==    by 0x10A7D8: manage_mlx (manage_mlx.c:112)
==2857640==    by 0x10A5FB: main (main.c:40)
==2857640==  Uninitialised value was created by a stack allocation
==2857640==    at 0x111640: intersect_sphere (intersection_sphere.c:17)
==2857640== 
==2857640== Conditional jump or move depends on uninitialised value(s)
==2857640==    at 0x10E15A: normalization (complex_operations.c:30)
==2857640==    by 0x110587: transform_ray (transformation_ray.c:22)
==2857640==    by 0x111A70: intersect_plane (intersection_plane.c:28)
==2857640==    by 0x112971: intersect_world (is_shadowed.c:40)
==2857640==    by 0x112AEC: is_shadowed (is_shadowed.c:69)
==2857640==    by 0x112EDB: shade_hit (computation.c:58)
==2857640==    by 0x110C60: each_pixel_calculationV2 (cast_ray_helper.c:95)
==2857640==    by 0x11099C: cast_rays (cast_ray.c:94)
==2857640==    by 0x10AFA4: draw_scene (draw_scene.c:67)
==2857640==    by 0x10A7D8: manage_mlx (manage_mlx.c:112)
==2857640==    by 0x10A5FB: main (main.c:40)
==2857640==  Uninitialised value was created by a stack allocation
==2857640==    at 0x111640: intersect_sphere (intersection_sphere.c:17)
==2857640== 
==2857640== Conditional jump or move depends on uninitialised value(s)
==2857640==    at 0x111AD7: intersect_plane (intersection_plane.c:32)
==2857640==    by 0x112971: intersect_world (is_shadowed.c:40)
==2857640==    by 0x112AEC: is_shadowed (is_shadowed.c:69)
==2857640==    by 0x112EDB: shade_hit (computation.c:58)
==2857640==    by 0x110C60: each_pixel_calculationV2 (cast_ray_helper.c:95)
==2857640==    by 0x11099C: cast_rays (cast_ray.c:94)
==2857640==    by 0x10AFA4: draw_scene (draw_scene.c:67)
==2857640==    by 0x10A7D8: manage_mlx (manage_mlx.c:112)
==2857640==    by 0x10A5FB: main (main.c:40)
==2857640==  Uninitialised value was created by a stack allocation
==2857640==    at 0x111640: intersect_sphere (intersection_sphere.c:17)
==2857640== 
==2857640== Conditional jump or move depends on uninitialised value(s)
==2857640==    at 0x111B5B: intersect_plane (intersection_plane.c:35)
==2857640==    by 0x112971: intersect_world (is_shadowed.c:40)
==2857640==    by 0x112AEC: is_shadowed (is_shadowed.c:69)
==2857640==    by 0x112EDB: shade_hit (computation.c:58)
==2857640==    by 0x110C60: each_pixel_calculationV2 (cast_ray_helper.c:95)
==2857640==    by 0x11099C: cast_rays (cast_ray.c:94)
==2857640==    by 0x10AFA4: draw_scene (draw_scene.c:67)
==2857640==    by 0x10A7D8: manage_mlx (manage_mlx.c:112)
==2857640==    by 0x10A5FB: main (main.c:40)
==2857640==  Uninitialised value was created by a stack allocation
==2857640==    at 0x111640: intersect_sphere (intersection_sphere.c:17)
==2857640== 
==2857640== Conditional jump or move depends on uninitialised value(s)
==2857640==    at 0x10DFDC: normalization (complex_operations.c:21)
==2857640==    by 0x110587: transform_ray (transformation_ray.c:22)
==2857640==    by 0x111CA6: intersect_cylinder (intersection_cylinder.c:115)
==2857640==    by 0x1129E1: intersect_world (is_shadowed.c:48)
==2857640==    by 0x112AEC: is_shadowed (is_shadowed.c:69)
==2857640==    by 0x112EDB: shade_hit (computation.c:58)
==2857640==    by 0x110C60: each_pixel_calculationV2 (cast_ray_helper.c:95)
==2857640==    by 0x11099C: cast_rays (cast_ray.c:94)
==2857640==    by 0x10AFA4: draw_scene (draw_scene.c:67)
==2857640==    by 0x10A7D8: manage_mlx (manage_mlx.c:112)
==2857640==    by 0x10A5FB: main (main.c:40)
==2857640==  Uninitialised value was created by a stack allocation
==2857640==    at 0x111640: intersect_sphere (intersection_sphere.c:17)
==2857640== 
==2857640== Conditional jump or move depends on uninitialised value(s)
==2857640==    at 0x10DFF6: normalization (complex_operations.c:21)
==2857640==    by 0x110587: transform_ray (transformation_ray.c:22)
==2857640==    by 0x111CA6: intersect_cylinder (intersection_cylinder.c:115)
==2857640==    by 0x1129E1: intersect_world (is_shadowed.c:48)
==2857640==    by 0x112AEC: is_shadowed (is_shadowed.c:69)
==2857640==    by 0x112EDB: shade_hit (computation.c:58)
==2857640==    by 0x110C60: each_pixel_calculationV2 (cast_ray_helper.c:95)
==2857640==    by 0x11099C: cast_rays (cast_ray.c:94)
==2857640==    by 0x10AFA4: draw_scene (draw_scene.c:67)
==2857640==    by 0x10A7D8: manage_mlx (manage_mlx.c:112)
==2857640==    by 0x10A5FB: main (main.c:40)
==2857640==  Uninitialised value was created by a stack allocation
==2857640==    at 0x111640: intersect_sphere (intersection_sphere.c:17)
==2857640== 
==2857640== Conditional jump or move depends on uninitialised value(s)
==2857640==    at 0x10E03F: normalization (complex_operations.c:29)
==2857640==    by 0x110587: transform_ray (transformation_ray.c:22)
==2857640==    by 0x111CA6: intersect_cylinder (intersection_cylinder.c:115)
==2857640==    by 0x1129E1: intersect_world (is_shadowed.c:48)
==2857640==    by 0x112AEC: is_shadowed (is_shadowed.c:69)
==2857640==    by 0x112EDB: shade_hit (computation.c:58)
==2857640==    by 0x110C60: each_pixel_calculationV2 (cast_ray_helper.c:95)
==2857640==    by 0x11099C: cast_rays (cast_ray.c:94)
==2857640==    by 0x10AFA4: draw_scene (draw_scene.c:67)
==2857640==    by 0x10A7D8: manage_mlx (manage_mlx.c:112)
==2857640==    by 0x10A5FB: main (main.c:40)
==2857640==  Uninitialised value was created by a stack allocation
==2857640==    at 0x111640: intersect_sphere (intersection_sphere.c:17)
==2857640== 
==2857640== Conditional jump or move depends on uninitialised value(s)
==2857640==    at 0x10E08E: normalization (complex_operations.c:28)
==2857640==    by 0x110587: transform_ray (transformation_ray.c:22)
==2857640==    by 0x111CA6: intersect_cylinder (intersection_cylinder.c:115)
==2857640==    by 0x1129E1: intersect_world (is_shadowed.c:48)
==2857640==    by 0x112AEC: is_shadowed (is_shadowed.c:69)
==2857640==    by 0x112EDB: shade_hit (computation.c:58)
==2857640==    by 0x110C60: each_pixel_calculationV2 (cast_ray_helper.c:95)
==2857640==    by 0x11099C: cast_rays (cast_ray.c:94)
==2857640==    by 0x10AFA4: draw_scene (draw_scene.c:67)
==2857640==    by 0x10A7D8: manage_mlx (manage_mlx.c:112)
==2857640==    by 0x10A5FB: main (main.c:40)
==2857640==  Uninitialised value was created by a stack allocation
==2857640==    at 0x111640: intersect_sphere (intersection_sphere.c:17)
==2857640== 
==2857640== Conditional jump or move depends on uninitialised value(s)
==2857640==    at 0x10E10B: normalization (complex_operations.c:30)
==2857640==    by 0x110587: transform_ray (transformation_ray.c:22)
==2857640==    by 0x111CA6: intersect_cylinder (intersection_cylinder.c:115)
==2857640==    by 0x1129E1: intersect_world (is_shadowed.c:48)
==2857640==    by 0x112AEC: is_shadowed (is_shadowed.c:69)
==2857640==    by 0x112EDB: shade_hit (computation.c:58)
==2857640==    by 0x110C60: each_pixel_calculationV2 (cast_ray_helper.c:95)
==2857640==    by 0x11099C: cast_rays (cast_ray.c:94)
==2857640==    by 0x10AFA4: draw_scene (draw_scene.c:67)
==2857640==    by 0x10A7D8: manage_mlx (manage_mlx.c:112)
==2857640==    by 0x10A5FB: main (main.c:40)
==2857640==  Uninitialised value was created by a stack allocation
==2857640==    at 0x111640: intersect_sphere (intersection_sphere.c:17)
==2857640== 
==2857640== Conditional jump or move depends on uninitialised value(s)
==2857640==    at 0x10E15A: normalization (complex_operations.c:30)
==2857640==    by 0x110587: transform_ray (transformation_ray.c:22)
==2857640==    by 0x111CA6: intersect_cylinder (intersection_cylinder.c:115)
==2857640==    by 0x1129E1: intersect_world (is_shadowed.c:48)
==2857640==    by 0x112AEC: is_shadowed (is_shadowed.c:69)
==2857640==    by 0x112EDB: shade_hit (computation.c:58)
==2857640==    by 0x110C60: each_pixel_calculationV2 (cast_ray_helper.c:95)
==2857640==    by 0x11099C: cast_rays (cast_ray.c:94)
==2857640==    by 0x10AFA4: draw_scene (draw_scene.c:67)
==2857640==    by 0x10A7D8: manage_mlx (manage_mlx.c:112)
==2857640==    by 0x10A5FB: main (main.c:40)
==2857640==  Uninitialised value was created by a stack allocation
==2857640==    at 0x111640: intersect_sphere (intersection_sphere.c:17)
==2857640== 
==2857640== Conditional jump or move depends on uninitialised value(s)
==2857640==    at 0x10DD92: subtract (vector_operations.c:37)
==2857640==    by 0x111CDE: intersect_cylinder (intersection_cylinder.c:124)
==2857640==    by 0x1129E1: intersect_world (is_shadowed.c:48)
==2857640==    by 0x112AEC: is_shadowed (is_shadowed.c:69)
==2857640==    by 0x112EDB: shade_hit (computation.c:58)
==2857640==    by 0x110C60: each_pixel_calculationV2 (cast_ray_helper.c:95)
==2857640==    by 0x11099C: cast_rays (cast_ray.c:94)
==2857640==    by 0x10AFA4: draw_scene (draw_scene.c:67)
==2857640==    by 0x10A7D8: manage_mlx (manage_mlx.c:112)
==2857640==    by 0x10A5FB: main (main.c:40)
==2857640==  Uninitialised value was created by a stack allocation
==2857640==    at 0x111640: intersect_sphere (intersection_sphere.c:17)
==2857640== 
==2857640== Conditional jump or move depends on uninitialised value(s)
==2857640==    at 0x111D0E: intersect_cylinder (intersection_cylinder.c:128)
==2857640==    by 0x1129E1: intersect_world (is_shadowed.c:48)
==2857640==    by 0x112AEC: is_shadowed (is_shadowed.c:69)
==2857640==    by 0x112EDB: shade_hit (computation.c:58)
==2857640==    by 0x110C60: each_pixel_calculationV2 (cast_ray_helper.c:95)
==2857640==    by 0x11099C: cast_rays (cast_ray.c:94)
==2857640==    by 0x10AFA4: draw_scene (draw_scene.c:67)
==2857640==    by 0x10A7D8: manage_mlx (manage_mlx.c:112)
==2857640==    by 0x10A5FB: main (main.c:40)
==2857640==  Uninitialised value was created by a stack allocation
==2857640==    at 0x111640: intersect_sphere (intersection_sphere.c:17)
==2857640== 
==2857640== Conditional jump or move depends on uninitialised value(s)
==2857640==    at 0x111D97: intersect_cylinder (intersection_cylinder.c:145)
==2857640==    by 0x1129E1: intersect_world (is_shadowed.c:48)
==2857640==    by 0x112AEC: is_shadowed (is_shadowed.c:69)
==2857640==    by 0x112EDB: shade_hit (computation.c:58)
==2857640==    by 0x110C60: each_pixel_calculationV2 (cast_ray_helper.c:95)
==2857640==    by 0x11099C: cast_rays (cast_ray.c:94)
==2857640==    by 0x10AFA4: draw_scene (draw_scene.c:67)
==2857640==    by 0x10A7D8: manage_mlx (manage_mlx.c:112)
==2857640==    by 0x10A5FB: main (main.c:40)
==2857640==  Uninitialised value was created by a stack allocation
==2857640==    at 0x111640: intersect_sphere (intersection_sphere.c:17)
==2857640== 
==2857640== Conditional jump or move depends on uninitialised value(s)
==2857640==    at 0x112254: insert_sorted (sort_intersection.c:17)
==2857640==    by 0x112254: sort_intersection_list (sort_intersection.c:44)
==2857640==    by 0x1129FD: intersect_world (is_shadowed.c:53)
==2857640==    by 0x112AEC: is_shadowed (is_shadowed.c:69)
==2857640==    by 0x112EDB: shade_hit (computation.c:58)
==2857640==    by 0x110C60: each_pixel_calculationV2 (cast_ray_helper.c:95)
==2857640==    by 0x11099C: cast_rays (cast_ray.c:94)
==2857640==    by 0x10AFA4: draw_scene (draw_scene.c:67)
==2857640==    by 0x10A7D8: manage_mlx (manage_mlx.c:112)
==2857640==    by 0x10A5FB: main (main.c:40)
==2857640==  Uninitialised value was created by a stack allocation
==2857640==    at 0x111640: intersect_sphere (intersection_sphere.c:17)
==2857640== 
==2857640== Conditional jump or move depends on uninitialised value(s)
==2857640==    at 0x112273: insert_sorted (sort_intersection.c:25)
==2857640==    by 0x112273: sort_intersection_list (sort_intersection.c:44)
==2857640==    by 0x1129FD: intersect_world (is_shadowed.c:53)
==2857640==    by 0x112AEC: is_shadowed (is_shadowed.c:69)
==2857640==    by 0x112EDB: shade_hit (computation.c:58)
==2857640==    by 0x110C60: each_pixel_calculationV2 (cast_ray_helper.c:95)
==2857640==    by 0x11099C: cast_rays (cast_ray.c:94)
==2857640==    by 0x10AFA4: draw_scene (draw_scene.c:67)
==2857640==    by 0x10A7D8: manage_mlx (manage_mlx.c:112)
==2857640==    by 0x10A5FB: main (main.c:40)
==2857640==  Uninitialised value was created by a stack allocation
==2857640==    at 0x1119F0: intersect_plane (intersection_plane.c:16)
==2857640== 
==2857640== Conditional jump or move depends on uninitialised value(s)
==2857640==    at 0x1104F7: hit_v2 (hit.c:25)
==2857640==    by 0x112AF9: is_shadowed (is_shadowed.c:70)
==2857640==    by 0x112EDB: shade_hit (computation.c:58)
==2857640==    by 0x110C60: each_pixel_calculationV2 (cast_ray_helper.c:95)
==2857640==    by 0x11099C: cast_rays (cast_ray.c:94)
==2857640==    by 0x10AFA4: draw_scene (draw_scene.c:67)
==2857640==    by 0x10A7D8: manage_mlx (manage_mlx.c:112)
==2857640==    by 0x10A5FB: main (main.c:40)
==2857640==  Uninitialised value was created by a stack allocation
==2857640==    at 0x111640: intersect_sphere (intersection_sphere.c:17)
==2857640== 
==2857640== Conditional jump or move depends on uninitialised value(s)
==2857640==    at 0x112B0E: is_shadowed (is_shadowed.c:71)
==2857640==    by 0x112EDB: shade_hit (computation.c:58)
==2857640==    by 0x110C60: each_pixel_calculationV2 (cast_ray_helper.c:95)
==2857640==    by 0x11099C: cast_rays (cast_ray.c:94)
==2857640==    by 0x10AFA4: draw_scene (draw_scene.c:67)
==2857640==    by 0x10A7D8: manage_mlx (manage_mlx.c:112)
==2857640==    by 0x10A5FB: main (main.c:40)
==2857640==  Uninitialised value was created by a stack allocation
==2857640==    at 0x1119F0: intersect_plane (intersection_plane.c:16)
==2857640== 
==2857640== Conditional jump or move depends on uninitialised value(s)
==2857640==    at 0x111DD5: intersect_cylinder (intersection_cylinder.c:150)
==2857640==    by 0x1129E1: intersect_world (is_shadowed.c:48)
==2857640==    by 0x112AEC: is_shadowed (is_shadowed.c:69)
==2857640==    by 0x112EDB: shade_hit (computation.c:58)
==2857640==    by 0x110C60: each_pixel_calculationV2 (cast_ray_helper.c:95)
==2857640==    by 0x11099C: cast_rays (cast_ray.c:94)
==2857640==    by 0x10AFA4: draw_scene (draw_scene.c:67)
==2857640==    by 0x10A7D8: manage_mlx (manage_mlx.c:112)
==2857640==    by 0x10A5FB: main (main.c:40)
==2857640==  Uninitialised value was created by a stack allocation
==2857640==    at 0x111640: intersect_sphere (intersection_sphere.c:17)
==2857640== 
==2857640== Conditional jump or move depends on uninitialised value(s)
==2857640==    at 0x111E16: intersect_cylinder (intersection_cylinder.c:150)
==2857640==    by 0x1129E1: intersect_world (is_shadowed.c:48)
==2857640==    by 0x112AEC: is_shadowed (is_shadowed.c:69)
==2857640==    by 0x112EDB: shade_hit (computation.c:58)
==2857640==    by 0x110C60: each_pixel_calculationV2 (cast_ray_helper.c:95)
==2857640==    by 0x11099C: cast_rays (cast_ray.c:94)
==2857640==    by 0x10AFA4: draw_scene (draw_scene.c:67)
==2857640==    by 0x10A7D8: manage_mlx (manage_mlx.c:112)
==2857640==    by 0x10A5FB: main (main.c:40)
==2857640==  Uninitialised value was created by a stack allocation
==2857640==    at 0x111640: intersect_sphere (intersection_sphere.c:17)
==2857640== 
==2857640== Conditional jump or move depends on uninitialised value(s)
==2857640==    at 0x111EF5: intersection_happened (intersection_cylinder.c:86)
==2857640==    by 0x111EF5: intersect_cylinder (intersection_cylinder.c:152)
==2857640==    by 0x1129E1: intersect_world (is_shadowed.c:48)
==2857640==    by 0x112AEC: is_shadowed (is_shadowed.c:69)
==2857640==    by 0x112EDB: shade_hit (computation.c:58)
==2857640==    by 0x110C60: each_pixel_calculationV2 (cast_ray_helper.c:95)
==2857640==    by 0x11099C: cast_rays (cast_ray.c:94)
==2857640==    by 0x10AFA4: draw_scene (draw_scene.c:67)
==2857640==    by 0x10A7D8: manage_mlx (manage_mlx.c:112)
==2857640==    by 0x10A5FB: main (main.c:40)
==2857640==  Uninitialised value was created by a stack allocation
==2857640==    at 0x111640: intersect_sphere (intersection_sphere.c:17)
==2857640== 
==2857640== Conditional jump or move depends on uninitialised value(s)
==2857640==    at 0x111F00: intersection_happened (intersection_cylinder.c:86)
==2857640==    by 0x111F00: intersect_cylinder (intersection_cylinder.c:152)
==2857640==    by 0x1129E1: intersect_world (is_shadowed.c:48)
==2857640==    by 0x112AEC: is_shadowed (is_shadowed.c:69)
==2857640==    by 0x112EDB: shade_hit (computation.c:58)
==2857640==    by 0x110C60: each_pixel_calculationV2 (cast_ray_helper.c:95)
==2857640==    by 0x11099C: cast_rays (cast_ray.c:94)
==2857640==    by 0x10AFA4: draw_scene (draw_scene.c:67)
==2857640==    by 0x10A7D8: manage_mlx (manage_mlx.c:112)
==2857640==    by 0x10A5FB: main (main.c:40)
==2857640==  Uninitialised value was created by a stack allocation
==2857640==    at 0x111640: intersect_sphere (intersection_sphere.c:17)
==2857640== 
==2857640== Conditional jump or move depends on uninitialised value(s)
==2857640==    at 0x111F49: intersection_happened (intersection_cylinder.c:92)
==2857640==    by 0x111F49: intersect_cylinder (intersection_cylinder.c:152)
==2857640==    by 0x1129E1: intersect_world (is_shadowed.c:48)
==2857640==    by 0x112AEC: is_shadowed (is_shadowed.c:69)
==2857640==    by 0x112EDB: shade_hit (computation.c:58)
==2857640==    by 0x110C60: each_pixel_calculationV2 (cast_ray_helper.c:95)
==2857640==    by 0x11099C: cast_rays (cast_ray.c:94)
==2857640==    by 0x10AFA4: draw_scene (draw_scene.c:67)
==2857640==    by 0x10A7D8: manage_mlx (manage_mlx.c:112)
==2857640==    by 0x10A5FB: main (main.c:40)
==2857640==  Uninitialised value was created by a stack allocation
==2857640==    at 0x111640: intersect_sphere (intersection_sphere.c:17)
==2857640== 
==2857640== Conditional jump or move depends on uninitialised value(s)
==2857640==    at 0x111F54: intersection_happened (intersection_cylinder.c:92)
==2857640==    by 0x111F54: intersect_cylinder (intersection_cylinder.c:152)
==2857640==    by 0x1129E1: intersect_world (is_shadowed.c:48)
==2857640==    by 0x112AEC: is_shadowed (is_shadowed.c:69)
==2857640==    by 0x112EDB: shade_hit (computation.c:58)
==2857640==    by 0x110C60: each_pixel_calculationV2 (cast_ray_helper.c:95)
==2857640==    by 0x11099C: cast_rays (cast_ray.c:94)
==2857640==    by 0x10AFA4: draw_scene (draw_scene.c:67)
==2857640==    by 0x10A7D8: manage_mlx (manage_mlx.c:112)
==2857640==    by 0x10A5FB: main (main.c:40)
==2857640==  Uninitialised value was created by a stack allocation
==2857640==    at 0x111640: intersect_sphere (intersection_sphere.c:17)
==2857640== 
==2857640== Conditional jump or move depends on uninitialised value(s)
==2857640==    at 0x11204E: intersect_caps (intersection_cylinder.c:50)
==2857640==    by 0x11204E: intersect_cylinder (intersection_cylinder.c:154)
==2857640==    by 0x1129E1: intersect_world (is_shadowed.c:48)
==2857640==    by 0x112AEC: is_shadowed (is_shadowed.c:69)
==2857640==    by 0x112EDB: shade_hit (computation.c:58)
==2857640==    by 0x110C60: each_pixel_calculationV2 (cast_ray_helper.c:95)
==2857640==    by 0x11099C: cast_rays (cast_ray.c:94)
==2857640==    by 0x10AFA4: draw_scene (draw_scene.c:67)
==2857640==    by 0x10A7D8: manage_mlx (manage_mlx.c:112)
==2857640==    by 0x10A5FB: main (main.c:40)
==2857640==  Uninitialised value was created by a heap allocation
==2857640==    at 0x4848899: malloc (in /usr/libexec/valgrind/vgpreload_memcheck-amd64-linux.so)
==2857640==    by 0x10BD80: start_cylinder (start_shapes.c:24)
==2857640==    by 0x10B9CC: split_line (parsing_map.c:68)
==2857640==    by 0x10B9CC: parse_map (parsing_map.c:91)
==2857640==    by 0x10B9CC: open_map (parsing_map.c:110)
==2857640==    by 0x10A59F: main (main.c:34)
==2857640== 
==2857640== Conditional jump or move depends on uninitialised value(s)
==2857640==    at 0x110506: hit_v2 (hit.c:25)
==2857640==    by 0x112AF9: is_shadowed (is_shadowed.c:70)
==2857640==    by 0x112EDB: shade_hit (computation.c:58)
==2857640==    by 0x110C60: each_pixel_calculationV2 (cast_ray_helper.c:95)
==2857640==    by 0x11099C: cast_rays (cast_ray.c:94)
==2857640==    by 0x10AFA4: draw_scene (draw_scene.c:67)
==2857640==    by 0x10A7D8: manage_mlx (manage_mlx.c:112)
==2857640==    by 0x10A5FB: main (main.c:40)
==2857640==  Uninitialised value was created by a stack allocation
==2857640==    at 0x1119F0: intersect_plane (intersection_plane.c:16)
==2857640== 
==2857640== Conditional jump or move depends on uninitialised value(s)
==2857640==    at 0x10B0A5: default_cylinder_normal (normal.c:66)
==2857640==    by 0x10B1E8: v2normal_at (normal.c:98)
==2857640==    by 0x112CC4: prepare_computations (computation.c:46)
==2857640==    by 0x110C3C: each_pixel_calculationV2 (cast_ray_helper.c:94)
==2857640==    by 0x11099C: cast_rays (cast_ray.c:94)
==2857640==    by 0x10AFA4: draw_scene (draw_scene.c:67)
==2857640==    by 0x10A7D8: manage_mlx (manage_mlx.c:112)
==2857640==    by 0x10A5FB: main (main.c:40)
==2857640==  Uninitialised value was created by a heap allocation
==2857640==    at 0x4848899: malloc (in /usr/libexec/valgrind/vgpreload_memcheck-amd64-linux.so)
==2857640==    by 0x1112D0: deep_copy_cylinder (intersection.c:83)
==2857640==    by 0x1112D0: intersection (intersection.c:158)
==2857640==    by 0x111F6F: intersection_happened (intersection_cylinder.c:95)
==2857640==    by 0x111F6F: intersect_cylinder (intersection_cylinder.c:152)
==2857640==    by 0x110BC0: each_pixel_calculationV2 (cast_ray_helper.c:81)
==2857640==    by 0x11099C: cast_rays (cast_ray.c:94)
==2857640==    by 0x10AFA4: draw_scene (draw_scene.c:67)
==2857640==    by 0x10A7D8: manage_mlx (manage_mlx.c:112)
==2857640==    by 0x10A5FB: main (main.c:40)
==2857640== 
==2857640== Conditional jump or move depends on uninitialised value(s)
==2857640==    at 0x10B0CF: default_cylinder_normal (normal.c:69)
==2857640==    by 0x10B1E8: v2normal_at (normal.c:98)
==2857640==    by 0x112CC4: prepare_computations (computation.c:46)
==2857640==    by 0x110C3C: each_pixel_calculationV2 (cast_ray_helper.c:94)
==2857640==    by 0x11099C: cast_rays (cast_ray.c:94)
==2857640==    by 0x10AFA4: draw_scene (draw_scene.c:67)
==2857640==    by 0x10A7D8: manage_mlx (manage_mlx.c:112)
==2857640==    by 0x10A5FB: main (main.c:40)
==2857640==  Uninitialised value was created by a heap allocation
==2857640==    at 0x4848899: malloc (in /usr/libexec/valgrind/vgpreload_memcheck-amd64-linux.so)
==2857640==    by 0x1112D0: deep_copy_cylinder (intersection.c:83)
==2857640==    by 0x1112D0: intersection (intersection.c:158)
==2857640==    by 0x111F6F: intersection_happened (intersection_cylinder.c:95)
==2857640==    by 0x111F6F: intersect_cylinder (intersection_cylinder.c:152)
==2857640==    by 0x110BC0: each_pixel_calculationV2 (cast_ray_helper.c:81)
==2857640==    by 0x11099C: cast_rays (cast_ray.c:94)
==2857640==    by 0x10AFA4: draw_scene (draw_scene.c:67)
==2857640==    by 0x10A7D8: manage_mlx (manage_mlx.c:112)
==2857640==    by 0x10A5FB: main (main.c:40)
==2857640== 
[1;31mdestroying the windows
[0m


------STRUCT STATUS -------
struct has [1] planes 	  |
struct has [1] cylinders  |
struct has [1] spheres 	  |
struct has [1] lights	  |
---------------------------



------STRUCT STATUS -------
struct has [0] planes 	  |
struct has [0] cylinders  |
struct has [0] spheres 	  |
struct has [0] lights	  |
---------------------------

x: -45.000000 y: 5.000000 z: 20.000000 [1;34mw:[0m 1.000000
x: 0.000000 y: 0.000000 z: 1.000000 [1;34mw:[0m 0.000000
x: 5.000000 y: 10.000000 z: 100.000000 [1;34mw:[0m 1.000000
x: 0.000000 y: -8.000000 z: 0.000000 [1;34mw:[0m 1.000000
x: 0.000000 y: 1.000000 z: 0.000000 [1;34mw:[0m 0.000000
x: -45.000000 y: 5.000000 z: -10.000000 [1;34mw:[0m 1.000000
x: -40.000000 y: 5.000000 z: 15.000000 [1;34mw:[0m 1.000000
x: 0.000000 y: 1.000000 z: 0.000000 [1;34mw:[0m 0.000000


------STRUCT [1;35mFULL [0mSTATUS -------

*	 [1;34mAMBIENT LIGHTS[0m *
Ratio of ambient lights: 0.450000
Color of ambient lights: [1;31mR: 255.000000 [0m[1;32mG: 255.000000 [0m[1;34mB: 255.000000[0m

*	[1;34mCAMERA STATS[0m *
ViewPoint: x: -45.000000 y: 5.000000 z: 20.000000 [1;34mw:[0m 1.000000
Orentation: x: 0.000000 y: 0.000000 z: 1.000000 [1;34mw:[0m 0.000000
FOV:[90]

* n.[[1;31m1[0m] PLANES 	
Planes[0]colors : [1;31mR: 180.000000 [0m[1;32mG: 180.000000 [0m[1;34mB: 100.000000[0m
Point of the plane: x: 0.000000 y: -8.000000 z: 0.000000 [1;34mw:[0m 1.000000
Normal vector of the plane: x: 0.000000 y: 1.000000 z: 0.000000 [1;34mw:[0m 0.000000

* n.[[1;31m1[0m] CYLINDERS  |
Cylinders[0]colors : [1;31mR: 60.000000 [0m[1;32mG: 220.000000 [0m[1;34mB: 220.000000[0m
Center of the cylinder: x: -40.000000 y: 5.000000 z: 15.000000 [1;34mw:[0m 1.000000
normalized vector of axis of cylinder : x: 0.000000 y: 1.000000 z: 0.000000 [1;34mw:[0m 0.000000
diameter: 3.500000 & height: 8.000000

* n.[[1;31m1[0m] SPHERES 	  |
Spheres[0]Address: 0x4d60160
colors : [1;31mR: 255.000000 [0m[1;32mG: 100.000000 [0m[1;34mB: 100.000000[0m
material : PRINT MATERIAL
color: [1;31mR: 255.000000 [0m[1;32mG: 100.000000 [0m[1;34mB: 100.000000[0m
ambient: 0.100000
diffuse: 0.900000
specular: 0.900000
sphininess: 200.000000
Center of the Sphere: x: -45.000000 y: 5.000000 z: -10.000000 [1;34mw:[0m 1.000000
Diameter: 20.000000
	Sphere Matrix:	0x4d5ff80
 | 1.000000 |  | 0.000000 |  | 0.000000 |  | 0.000000 | 
 | 0.000000 |  | 1.000000 |  | 0.000000 |  | 0.000000 | 
 | 0.000000 |  | 0.000000 |  | 1.000000 |  | 0.000000 | 
 | 0.000000 |  | 0.000000 |  | 0.000000 |  | 1.000000 | 
***

* n.[[1;31m1[0m] LIGHTS	  |
Lights[0]colors : [1;31mR: 240.000000 [0m[1;32mG: 240.000000 [0m[1;34mB: 255.000000[0m
Position of the light: x: 5.000000 y: 10.000000 z: 100.000000 [1;34mw:[0m 1.000000
Brightness of the light: 0.950000 
---------------------------

Image Plane Width: 2.000000
Image Plane Height: 0.878049

	The while loop took [1;33m76.59 seconds[0m to execute.
[1;31mRemember to free all the memory[0m
[1;31mUpdated: working on mlx and hooking up mouse [0m
==2857640== 
==2857640== HEAP SUMMARY:
==2857640==     in use at exit: 9,599,783 bytes in 297,462 blocks
==2857640==   total heap usage: 30,832,401 allocs, 30,534,939 frees, 612,615,031 bytes allocated
==2857640== 
==2857640== 3 bytes in 1 blocks are still reachable in loss record 1 of 55
==2857640==    at 0x4848899: malloc (in /usr/libexec/valgrind/vgpreload_memcheck-amd64-linux.so)
==2857640==    by 0x4B7558E: strdup (strdup.c:42)
==2857640==    by 0x48B7B45: XOpenDisplay (in /usr/lib/x86_64-linux-gnu/libX11.so.6.4.0)
==2857640==    by 0x1156D2: mlx_init (in /nfs/homes/atucci/Desktop/mioGithubMiniRT/miniRT)
==2857640==    by 0x10A74A: manage_mlx (manage_mlx.c:106)
==2857640==    by 0x10A5FB: main (main.c:40)
==2857640== 
==2857640== 8 bytes in 1 blocks are still reachable in loss record 2 of 55
==2857640==    at 0x4848899: malloc (in /usr/libexec/valgrind/vgpreload_memcheck-amd64-linux.so)
==2857640==    by 0x4B7558E: strdup (strdup.c:42)
==2857640==    by 0x48B49AE: XInitExtension (in /usr/lib/x86_64-linux-gnu/libX11.so.6.4.0)
==2857640==    by 0x4879820: XextAddDisplay (in /usr/lib/x86_64-linux-gnu/libXext.so.6.4.0)
==2857640==    by 0x487E9E2: XShmQueryVersion (in /usr/lib/x86_64-linux-gnu/libXext.so.6.4.0)
==2857640==    by 0x1157F0: mlx_int_deal_shm (in /nfs/homes/atucci/Desktop/mioGithubMiniRT/miniRT)
==2857640==    by 0x115765: mlx_init (in /nfs/homes/atucci/Desktop/mioGithubMiniRT/miniRT)
==2857640==    by 0x10A74A: manage_mlx (manage_mlx.c:106)
==2857640==    by 0x10A5FB: main (main.c:40)
==2857640== 
==2857640== 8 bytes in 1 blocks are still reachable in loss record 3 of 55
==2857640==    at 0x4848899: malloc (in /usr/libexec/valgrind/vgpreload_memcheck-amd64-linux.so)
==2857640==    by 0x4877B34: ??? (in /usr/lib/x86_64-linux-gnu/libXext.so.6.4.0)
==2857640==    by 0x48799DF: XextAddDisplay (in /usr/lib/x86_64-linux-gnu/libXext.so.6.4.0)
==2857640==    by 0x487E9E2: XShmQueryVersion (in /usr/lib/x86_64-linux-gnu/libXext.so.6.4.0)
==2857640==    by 0x1157F0: mlx_int_deal_shm (in /nfs/homes/atucci/Desktop/mioGithubMiniRT/miniRT)
==2857640==    by 0x115765: mlx_init (in /nfs/homes/atucci/Desktop/mioGithubMiniRT/miniRT)
==2857640==    by 0x10A74A: manage_mlx (manage_mlx.c:106)
==2857640==    by 0x10A5FB: main (main.c:40)
==2857640== 
==2857640== 10 bytes in 1 blocks are still reachable in loss record 4 of 55
==2857640==    at 0x4848899: malloc (in /usr/libexec/valgrind/vgpreload_memcheck-amd64-linux.so)
==2857640==    by 0x4B7558E: strdup (strdup.c:42)
==2857640==    by 0x48B49AE: XInitExtension (in /usr/lib/x86_64-linux-gnu/libX11.so.6.4.0)
==2857640==    by 0x491E213: XkbUseExtension (in /usr/lib/x86_64-linux-gnu/libX11.so.6.4.0)
==2857640==    by 0x48B86A8: XOpenDisplay (in /usr/lib/x86_64-linux-gnu/libX11.so.6.4.0)
==2857640==    by 0x1156D2: mlx_init (in /nfs/homes/atucci/Desktop/mioGithubMiniRT/miniRT)
==2857640==    by 0x10A74A: manage_mlx (manage_mlx.c:106)
==2857640==    by 0x10A5FB: main (main.c:40)
==2857640== 
==2857640== 16 bytes in 1 blocks are still reachable in loss record 5 of 55
==2857640==    at 0x4848899: malloc (in /usr/libexec/valgrind/vgpreload_memcheck-amd64-linux.so)
==2857640==    by 0x4D052EE: xcb_connect_to_fd (in /usr/lib/x86_64-linux-gnu/libxcb.so.1.1.0)
==2857640==    by 0x4D05E6B: xcb_connect_to_display_with_auth_info (in /usr/lib/x86_64-linux-gnu/libxcb.so.1.1.0)
==2857640==    by 0x48C7EE9: _XConnectXCB (in /usr/lib/x86_64-linux-gnu/libX11.so.6.4.0)
==2857640==    by 0x48B7B68: XOpenDisplay (in /usr/lib/x86_64-linux-gnu/libX11.so.6.4.0)
==2857640==    by 0x1156D2: mlx_init (in /nfs/homes/atucci/Desktop/mioGithubMiniRT/miniRT)
==2857640==    by 0x10A74A: manage_mlx (manage_mlx.c:106)
==2857640==    by 0x10A5FB: main (main.c:40)
==2857640== 
==2857640== 21 bytes in 1 blocks are still reachable in loss record 6 of 55
==2857640==    at 0x4848899: malloc (in /usr/libexec/valgrind/vgpreload_memcheck-amd64-linux.so)
==2857640==    by 0x48B803E: XOpenDisplay (in /usr/lib/x86_64-linux-gnu/libX11.so.6.4.0)
==2857640==    by 0x1156D2: mlx_init (in /nfs/homes/atucci/Desktop/mioGithubMiniRT/miniRT)
==2857640==    by 0x10A74A: manage_mlx (manage_mlx.c:106)
==2857640==    by 0x10A5FB: main (main.c:40)
==2857640== 
==2857640== 24 bytes in 1 blocks are still reachable in loss record 7 of 55
==2857640==    at 0x4848899: malloc (in /usr/libexec/valgrind/vgpreload_memcheck-amd64-linux.so)
==2857640==    by 0x4879041: XextCreateExtension (in /usr/lib/x86_64-linux-gnu/libXext.so.6.4.0)
==2857640==    by 0x48794CC: ??? (in /usr/lib/x86_64-linux-gnu/libXext.so.6.4.0)
==2857640==    by 0x48799C8: XextAddDisplay (in /usr/lib/x86_64-linux-gnu/libXext.so.6.4.0)
==2857640==    by 0x487E9E2: XShmQueryVersion (in /usr/lib/x86_64-linux-gnu/libXext.so.6.4.0)
==2857640==    by 0x1157F0: mlx_int_deal_shm (in /nfs/homes/atucci/Desktop/mioGithubMiniRT/miniRT)
==2857640==    by 0x115765: mlx_init (in /nfs/homes/atucci/Desktop/mioGithubMiniRT/miniRT)
==2857640==    by 0x10A74A: manage_mlx (manage_mlx.c:106)
==2857640==    by 0x10A5FB: main (main.c:40)
==2857640== 
==2857640== 24 bytes in 1 blocks are still reachable in loss record 8 of 55
==2857640==    at 0x4848899: malloc (in /usr/libexec/valgrind/vgpreload_memcheck-amd64-linux.so)
==2857640==    by 0x4B7558E: strdup (strdup.c:42)
==2857640==    by 0x48B49AE: XInitExtension (in /usr/lib/x86_64-linux-gnu/libX11.so.6.4.0)
==2857640==    by 0x4879820: XextAddDisplay (in /usr/lib/x86_64-linux-gnu/libXext.so.6.4.0)
==2857640==    by 0x487950A: ??? (in /usr/lib/x86_64-linux-gnu/libXext.so.6.4.0)
==2857640==    by 0x48799C8: XextAddDisplay (in /usr/lib/x86_64-linux-gnu/libXext.so.6.4.0)
==2857640==    by 0x487E9E2: XShmQueryVersion (in /usr/lib/x86_64-linux-gnu/libXext.so.6.4.0)
==2857640==    by 0x1157F0: mlx_int_deal_shm (in /nfs/homes/atucci/Desktop/mioGithubMiniRT/miniRT)
==2857640==    by 0x115765: mlx_init (in /nfs/homes/atucci/Desktop/mioGithubMiniRT/miniRT)
==2857640==    by 0x10A74A: manage_mlx (manage_mlx.c:106)
==2857640==    by 0x10A5FB: main (main.c:40)
==2857640== 
==2857640== 24 bytes in 1 blocks are still reachable in loss record 9 of 55
==2857640==    at 0x4848899: malloc (in /usr/libexec/valgrind/vgpreload_memcheck-amd64-linux.so)
==2857640==    by 0x48799F5: XextAddDisplay (in /usr/lib/x86_64-linux-gnu/libXext.so.6.4.0)
==2857640==    by 0x487E9E2: XShmQueryVersion (in /usr/lib/x86_64-linux-gnu/libXext.so.6.4.0)
==2857640==    by 0x1157F0: mlx_int_deal_shm (in /nfs/homes/atucci/Desktop/mioGithubMiniRT/miniRT)
==2857640==    by 0x115765: mlx_init (in /nfs/homes/atucci/Desktop/mioGithubMiniRT/miniRT)
==2857640==    by 0x10A74A: manage_mlx (manage_mlx.c:106)
==2857640==    by 0x10A5FB: main (main.c:40)
==2857640== 
==2857640== 29 bytes in 1 blocks are still reachable in loss record 10 of 55
==2857640==    at 0x4848899: malloc (in /usr/libexec/valgrind/vgpreload_memcheck-amd64-linux.so)
==2857640==    by 0x48B10CD: _XUpdateAtomCache (in /usr/lib/x86_64-linux-gnu/libX11.so.6.4.0)
==2857640==    by 0x48B3929: XInternAtom (in /usr/lib/x86_64-linux-gnu/libX11.so.6.4.0)
==2857640==    by 0x115759: mlx_init (in /nfs/homes/atucci/Desktop/mioGithubMiniRT/miniRT)
==2857640==    by 0x10A74A: manage_mlx (manage_mlx.c:106)
==2857640==    by 0x10A5FB: main (main.c:40)
==2857640== 
==2857640== 32 bytes in 1 blocks are still reachable in loss record 11 of 55
==2857640==    at 0x48487A9: malloc (in /usr/libexec/valgrind/vgpreload_memcheck-amd64-linux.so)
==2857640==    by 0x4D0915E: ??? (in /usr/lib/x86_64-linux-gnu/libxcb.so.1.1.0)
==2857640==    by 0x4D09237: xcb_get_extension_data (in /usr/lib/x86_64-linux-gnu/libxcb.so.1.1.0)
==2857640==    by 0x4D092EE: xcb_prefetch_maximum_request_length (in /usr/lib/x86_64-linux-gnu/libxcb.so.1.1.0)
==2857640==    by 0x4D09364: xcb_get_maximum_request_length (in /usr/lib/x86_64-linux-gnu/libxcb.so.1.1.0)
==2857640==    by 0x48B852B: XOpenDisplay (in /usr/lib/x86_64-linux-gnu/libX11.so.6.4.0)
==2857640==    by 0x1156D2: mlx_init (in /nfs/homes/atucci/Desktop/mioGithubMiniRT/miniRT)
==2857640==    by 0x10A74A: manage_mlx (manage_mlx.c:106)
==2857640==    by 0x10A5FB: main (main.c:40)
==2857640== 
==2857640== 32 bytes in 1 blocks are still reachable in loss record 12 of 55
==2857640==    at 0x4848899: malloc (in /usr/libexec/valgrind/vgpreload_memcheck-amd64-linux.so)
==2857640==    by 0x4D021B7: ??? (in /usr/lib/x86_64-linux-gnu/libxcb.so.1.1.0)
==2857640==    by 0x4D02A08: ??? (in /usr/lib/x86_64-linux-gnu/libxcb.so.1.1.0)
==2857640==    by 0x4D02EB0: ??? (in /usr/lib/x86_64-linux-gnu/libxcb.so.1.1.0)
==2857640==    by 0x4D03E44: xcb_wait_for_reply (in /usr/lib/x86_64-linux-gnu/libxcb.so.1.1.0)
==2857640==    by 0x4D09292: xcb_get_extension_data (in /usr/lib/x86_64-linux-gnu/libxcb.so.1.1.0)
==2857640==    by 0x4D092EE: xcb_prefetch_maximum_request_length (in /usr/lib/x86_64-linux-gnu/libxcb.so.1.1.0)
==2857640==    by 0x4D09364: xcb_get_maximum_request_length (in /usr/lib/x86_64-linux-gnu/libxcb.so.1.1.0)
==2857640==    by 0x48B852B: XOpenDisplay (in /usr/lib/x86_64-linux-gnu/libX11.so.6.4.0)
==2857640==    by 0x1156D2: mlx_init (in /nfs/homes/atucci/Desktop/mioGithubMiniRT/miniRT)
==2857640==    by 0x10A74A: manage_mlx (manage_mlx.c:106)
==2857640==    by 0x10A5FB: main (main.c:40)
==2857640== 
==2857640== 32 bytes in 1 blocks are still reachable in loss record 13 of 55
==2857640==    at 0x4848899: malloc (in /usr/libexec/valgrind/vgpreload_memcheck-amd64-linux.so)
==2857640==    by 0x48797FF: XextAddDisplay (in /usr/lib/x86_64-linux-gnu/libXext.so.6.4.0)
==2857640==    by 0x487E9E2: XShmQueryVersion (in /usr/lib/x86_64-linux-gnu/libXext.so.6.4.0)
==2857640==    by 0x1157F0: mlx_int_deal_shm (in /nfs/homes/atucci/Desktop/mioGithubMiniRT/miniRT)
==2857640==    by 0x115765: mlx_init (in /nfs/homes/atucci/Desktop/mioGithubMiniRT/miniRT)
==2857640==    by 0x10A74A: manage_mlx (manage_mlx.c:106)
==2857640==    by 0x10A5FB: main (main.c:40)
==2857640== 
==2857640== 32 bytes in 1 blocks are still reachable in loss record 14 of 55
==2857640==    at 0x4848899: malloc (in /usr/libexec/valgrind/vgpreload_memcheck-amd64-linux.so)
==2857640==    by 0x48797FF: XextAddDisplay (in /usr/lib/x86_64-linux-gnu/libXext.so.6.4.0)
==2857640==    by 0x487950A: ??? (in /usr/lib/x86_64-linux-gnu/libXext.so.6.4.0)
==2857640==    by 0x48799C8: XextAddDisplay (in /usr/lib/x86_64-linux-gnu/libXext.so.6.4.0)
==2857640==    by 0x487E9E2: XShmQueryVersion (in /usr/lib/x86_64-linux-gnu/libXext.so.6.4.0)
==2857640==    by 0x1157F0: mlx_int_deal_shm (in /nfs/homes/atucci/Desktop/mioGithubMiniRT/miniRT)
==2857640==    by 0x115765: mlx_init (in /nfs/homes/atucci/Desktop/mioGithubMiniRT/miniRT)
==2857640==    by 0x10A74A: manage_mlx (manage_mlx.c:106)
==2857640==    by 0x10A5FB: main (main.c:40)
==2857640== 
==2857640== 32 bytes in 1 blocks are still reachable in loss record 15 of 55
==2857640==    at 0x4848899: malloc (in /usr/libexec/valgrind/vgpreload_memcheck-amd64-linux.so)
==2857640==    by 0x10E737: malloc_matrix (matrix_utils.c:39)
==2857640==    by 0x10FCF5: divide_matrix (inversing.c:33)
==2857640==    by 0x10FCF5: inversing_matrix (inversing.c:103)
==2857640==    by 0x111C5F: intersect_cylinder (intersection_cylinder.c:115)
==2857640==    by 0x110BC0: each_pixel_calculationV2 (cast_ray_helper.c:81)
==2857640==    by 0x11099C: cast_rays (cast_ray.c:94)
==2857640==    by 0x10AFA4: draw_scene (draw_scene.c:67)
==2857640==    by 0x10A7D8: manage_mlx (manage_mlx.c:112)
==2857640==    by 0x10A5FB: main (main.c:40)
==2857640== 
==2857640== 32 bytes in 1 blocks are possibly lost in loss record 16 of 55
==2857640==    at 0x4848899: malloc (in /usr/libexec/valgrind/vgpreload_memcheck-amd64-linux.so)
==2857640==    by 0x10E737: malloc_matrix (matrix_utils.c:39)
==2857640==    by 0x10EA63: copy_matrix (initialize_matrix.c:24)
==2857640==    by 0x111C52: intersect_cylinder (intersection_cylinder.c:115)
==2857640==    by 0x1129E1: intersect_world (is_shadowed.c:48)
==2857640==    by 0x112AEC: is_shadowed (is_shadowed.c:69)
==2857640==    by 0x112EDB: shade_hit (computation.c:58)
==2857640==    by 0x110C60: each_pixel_calculationV2 (cast_ray_helper.c:95)
==2857640==    by 0x11099C: cast_rays (cast_ray.c:94)
==2857640==    by 0x10AFA4: draw_scene (draw_scene.c:67)
==2857640==    by 0x10A7D8: manage_mlx (manage_mlx.c:112)
==2857640==    by 0x10A5FB: main (main.c:40)
==2857640== 
==2857640== 33 bytes in 1 blocks are still reachable in loss record 17 of 55
==2857640==    at 0x4848899: malloc (in /usr/libexec/valgrind/vgpreload_memcheck-amd64-linux.so)
==2857640==    by 0x48B10CD: _XUpdateAtomCache (in /usr/lib/x86_64-linux-gnu/libX11.so.6.4.0)
==2857640==    by 0x48B3929: XInternAtom (in /usr/lib/x86_64-linux-gnu/libX11.so.6.4.0)
==2857640==    by 0x115744: mlx_init (in /nfs/homes/atucci/Desktop/mioGithubMiniRT/miniRT)
==2857640==    by 0x10A74A: manage_mlx (manage_mlx.c:106)
==2857640==    by 0x10A5FB: main (main.c:40)
==2857640== 
==2857640== 40 bytes in 1 blocks are still reachable in loss record 18 of 55
==2857640==    at 0x4848899: malloc (in /usr/libexec/valgrind/vgpreload_memcheck-amd64-linux.so)
==2857640==    by 0x48C81F1: _XPollfdCacheInit (in /usr/lib/x86_64-linux-gnu/libX11.so.6.4.0)
==2857640==    by 0x48B7E71: XOpenDisplay (in /usr/lib/x86_64-linux-gnu/libX11.so.6.4.0)
==2857640==    by 0x1156D2: mlx_init (in /nfs/homes/atucci/Desktop/mioGithubMiniRT/miniRT)
==2857640==    by 0x10A74A: manage_mlx (manage_mlx.c:106)
==2857640==    by 0x10A5FB: main (main.c:40)
==2857640== 
==2857640== 48 bytes in 1 blocks are still reachable in loss record 19 of 55
==2857640==    at 0x4848899: malloc (in /usr/libexec/valgrind/vgpreload_memcheck-amd64-linux.so)
==2857640==    by 0x48C7E71: _XConnectXCB (in /usr/lib/x86_64-linux-gnu/libX11.so.6.4.0)
==2857640==    by 0x48B7B68: XOpenDisplay (in /usr/lib/x86_64-linux-gnu/libX11.so.6.4.0)
==2857640==    by 0x1156D2: mlx_init (in /nfs/homes/atucci/Desktop/mioGithubMiniRT/miniRT)
==2857640==    by 0x10A74A: manage_mlx (manage_mlx.c:106)
==2857640==    by 0x10A5FB: main (main.c:40)
==2857640== 
==2857640== 48 bytes in 1 blocks are still reachable in loss record 20 of 55
==2857640==    at 0x4848899: malloc (in /usr/libexec/valgrind/vgpreload_memcheck-amd64-linux.so)
==2857640==    by 0x48C7E87: _XConnectXCB (in /usr/lib/x86_64-linux-gnu/libX11.so.6.4.0)
==2857640==    by 0x48B7B68: XOpenDisplay (in /usr/lib/x86_64-linux-gnu/libX11.so.6.4.0)
==2857640==    by 0x1156D2: mlx_init (in /nfs/homes/atucci/Desktop/mioGithubMiniRT/miniRT)
==2857640==    by 0x10A74A: manage_mlx (manage_mlx.c:106)
==2857640==    by 0x10A5FB: main (main.c:40)
==2857640== 
==2857640== 72 bytes in 1 blocks are still reachable in loss record 21 of 55
==2857640==    at 0x484DA83: calloc (in /usr/libexec/valgrind/vgpreload_memcheck-amd64-linux.so)
==2857640==    by 0x48B7F20: XOpenDisplay (in /usr/lib/x86_64-linux-gnu/libX11.so.6.4.0)
==2857640==    by 0x1156D2: mlx_init (in /nfs/homes/atucci/Desktop/mioGithubMiniRT/miniRT)
==2857640==    by 0x10A74A: manage_mlx (manage_mlx.c:106)
==2857640==    by 0x10A5FB: main (main.c:40)
==2857640== 
==2857640== 88 bytes in 1 blocks are still reachable in loss record 22 of 55
==2857640==    at 0x484DA83: calloc (in /usr/libexec/valgrind/vgpreload_memcheck-amd64-linux.so)
==2857640==    by 0x115E95: mlx_int_new_xshm_image (in /nfs/homes/atucci/Desktop/mioGithubMiniRT/miniRT)
==2857640==    by 0x116153: mlx_new_image (in /nfs/homes/atucci/Desktop/mioGithubMiniRT/miniRT)
==2857640==    by 0x10A7B4: my_new_image (manage_mlx.c:19)
==2857640==    by 0x10A7B4: manage_mlx (manage_mlx.c:111)
==2857640==    by 0x10A5FB: main (main.c:40)
==2857640== 
==2857640== 112 bytes in 1 blocks are still reachable in loss record 23 of 55
==2857640==    at 0x484DA83: calloc (in /usr/libexec/valgrind/vgpreload_memcheck-amd64-linux.so)
==2857640==    by 0x48C7D72: _XConnectXCB (in /usr/lib/x86_64-linux-gnu/libX11.so.6.4.0)
==2857640==    by 0x48B7B68: XOpenDisplay (in /usr/lib/x86_64-linux-gnu/libX11.so.6.4.0)
==2857640==    by 0x1156D2: mlx_init (in /nfs/homes/atucci/Desktop/mioGithubMiniRT/miniRT)
==2857640==    by 0x10A74A: manage_mlx (manage_mlx.c:106)
==2857640==    by 0x10A5FB: main (main.c:40)
==2857640== 
==2857640== 112 bytes in 1 blocks are still reachable in loss record 24 of 55
==2857640==    at 0x484DA83: calloc (in /usr/libexec/valgrind/vgpreload_memcheck-amd64-linux.so)
==2857640==    by 0x48B8200: XOpenDisplay (in /usr/lib/x86_64-linux-gnu/libX11.so.6.4.0)
==2857640==    by 0x1156D2: mlx_init (in /nfs/homes/atucci/Desktop/mioGithubMiniRT/miniRT)
==2857640==    by 0x10A74A: manage_mlx (manage_mlx.c:106)
==2857640==    by 0x10A5FB: main (main.c:40)
==2857640== 
==2857640== 128 bytes in 1 blocks are still reachable in loss record 25 of 55
==2857640==    at 0x484DA83: calloc (in /usr/libexec/valgrind/vgpreload_memcheck-amd64-linux.so)
==2857640==    by 0x48B812E: XOpenDisplay (in /usr/lib/x86_64-linux-gnu/libX11.so.6.4.0)
==2857640==    by 0x1156D2: mlx_init (in /nfs/homes/atucci/Desktop/mioGithubMiniRT/miniRT)
==2857640==    by 0x10A74A: manage_mlx (manage_mlx.c:106)
==2857640==    by 0x10A5FB: main (main.c:40)
==2857640== 
==2857640== 128 bytes in 1 blocks are still reachable in loss record 26 of 55
==2857640==    at 0x484DA83: calloc (in /usr/libexec/valgrind/vgpreload_memcheck-amd64-linux.so)
==2857640==    by 0x48B499E: XInitExtension (in /usr/lib/x86_64-linux-gnu/libX11.so.6.4.0)
==2857640==    by 0x491E213: XkbUseExtension (in /usr/lib/x86_64-linux-gnu/libX11.so.6.4.0)
==2857640==    by 0x48B86A8: XOpenDisplay (in /usr/lib/x86_64-linux-gnu/libX11.so.6.4.0)
==2857640==    by 0x1156D2: mlx_init (in /nfs/homes/atucci/Desktop/mioGithubMiniRT/miniRT)
==2857640==    by 0x10A74A: manage_mlx (manage_mlx.c:106)
==2857640==    by 0x10A5FB: main (main.c:40)
==2857640== 
==2857640== 128 bytes in 1 blocks are still reachable in loss record 27 of 55
==2857640==    at 0x484DA83: calloc (in /usr/libexec/valgrind/vgpreload_memcheck-amd64-linux.so)
==2857640==    by 0x48B499E: XInitExtension (in /usr/lib/x86_64-linux-gnu/libX11.so.6.4.0)
==2857640==    by 0x4879820: XextAddDisplay (in /usr/lib/x86_64-linux-gnu/libXext.so.6.4.0)
==2857640==    by 0x487E9E2: XShmQueryVersion (in /usr/lib/x86_64-linux-gnu/libXext.so.6.4.0)
==2857640==    by 0x1157F0: mlx_int_deal_shm (in /nfs/homes/atucci/Desktop/mioGithubMiniRT/miniRT)
==2857640==    by 0x115765: mlx_init (in /nfs/homes/atucci/Desktop/mioGithubMiniRT/miniRT)
==2857640==    by 0x10A74A: manage_mlx (manage_mlx.c:106)
==2857640==    by 0x10A5FB: main (main.c:40)
==2857640== 
==2857640== 128 bytes in 1 blocks are still reachable in loss record 28 of 55
==2857640==    at 0x484DA83: calloc (in /usr/libexec/valgrind/vgpreload_memcheck-amd64-linux.so)
==2857640==    by 0x48B499E: XInitExtension (in /usr/lib/x86_64-linux-gnu/libX11.so.6.4.0)
==2857640==    by 0x4879820: XextAddDisplay (in /usr/lib/x86_64-linux-gnu/libXext.so.6.4.0)
==2857640==    by 0x487950A: ??? (in /usr/lib/x86_64-linux-gnu/libXext.so.6.4.0)
==2857640==    by 0x48799C8: XextAddDisplay (in /usr/lib/x86_64-linux-gnu/libXext.so.6.4.0)
==2857640==    by 0x487E9E2: XShmQueryVersion (in /usr/lib/x86_64-linux-gnu/libXext.so.6.4.0)
==2857640==    by 0x1157F0: mlx_int_deal_shm (in /nfs/homes/atucci/Desktop/mioGithubMiniRT/miniRT)
==2857640==    by 0x115765: mlx_init (in /nfs/homes/atucci/Desktop/mioGithubMiniRT/miniRT)
==2857640==    by 0x10A74A: manage_mlx (manage_mlx.c:106)
==2857640==    by 0x10A5FB: main (main.c:40)
==2857640== 
==2857640== 136 bytes in 1 blocks are still reachable in loss record 29 of 55
==2857640==    at 0x4848899: malloc (in /usr/libexec/valgrind/vgpreload_memcheck-amd64-linux.so)
==2857640==    by 0x1156BA: mlx_init (in /nfs/homes/atucci/Desktop/mioGithubMiniRT/miniRT)
==2857640==    by 0x10A74A: manage_mlx (manage_mlx.c:106)
==2857640==    by 0x10A5FB: main (main.c:40)
==2857640== 
==2857640== 136 bytes in 1 blocks are still reachable in loss record 30 of 55
==2857640==    at 0x484DA83: calloc (in /usr/libexec/valgrind/vgpreload_memcheck-amd64-linux.so)
==2857640==    by 0x48780C3: XShmCreateImage (in /usr/lib/x86_64-linux-gnu/libXext.so.6.4.0)
==2857640==    by 0x115EC5: mlx_int_new_xshm_image (in /nfs/homes/atucci/Desktop/mioGithubMiniRT/miniRT)
==2857640==    by 0x116153: mlx_new_image (in /nfs/homes/atucci/Desktop/mioGithubMiniRT/miniRT)
==2857640==    by 0x10A7B4: my_new_image (manage_mlx.c:19)
==2857640==    by 0x10A7B4: manage_mlx (manage_mlx.c:111)
==2857640==    by 0x10A5FB: main (main.c:40)
==2857640== 
==2857640== 147 bytes in 1 blocks are still reachable in loss record 31 of 55
==2857640==    at 0x4848899: malloc (in /usr/libexec/valgrind/vgpreload_memcheck-amd64-linux.so)
==2857640==    by 0x48B8710: XOpenDisplay (in /usr/lib/x86_64-linux-gnu/libX11.so.6.4.0)
==2857640==    by 0x1156D2: mlx_init (in /nfs/homes/atucci/Desktop/mioGithubMiniRT/miniRT)
==2857640==    by 0x10A74A: manage_mlx (manage_mlx.c:106)
==2857640==    by 0x10A5FB: main (main.c:40)
==2857640== 
==2857640== 152 bytes in 1 blocks are still reachable in loss record 32 of 55
==2857640==    at 0x484DA83: calloc (in /usr/libexec/valgrind/vgpreload_memcheck-amd64-linux.so)
==2857640==    by 0x491E40E: XkbUseExtension (in /usr/lib/x86_64-linux-gnu/libX11.so.6.4.0)
==2857640==    by 0x48B86A8: XOpenDisplay (in /usr/lib/x86_64-linux-gnu/libX11.so.6.4.0)
==2857640==    by 0x1156D2: mlx_init (in /nfs/homes/atucci/Desktop/mioGithubMiniRT/miniRT)
==2857640==    by 0x10A74A: manage_mlx (manage_mlx.c:106)
==2857640==    by 0x10A5FB: main (main.c:40)
==2857640== 
==2857640== 160 bytes in 1 blocks are still reachable in loss record 33 of 55
==2857640==    at 0x4848899: malloc (in /usr/libexec/valgrind/vgpreload_memcheck-amd64-linux.so)
==2857640==    by 0x48A69EF: XCreateGC (in /usr/lib/x86_64-linux-gnu/libX11.so.6.4.0)
==2857640==    by 0x48B85A4: XOpenDisplay (in /usr/lib/x86_64-linux-gnu/libX11.so.6.4.0)
==2857640==    by 0x1156D2: mlx_init (in /nfs/homes/atucci/Desktop/mioGithubMiniRT/miniRT)
==2857640==    by 0x10A74A: manage_mlx (manage_mlx.c:106)
==2857640==    by 0x10A5FB: main (main.c:40)
==2857640== 
==2857640== 168 bytes in 1 blocks are still reachable in loss record 34 of 55
==2857640==    at 0x484DA83: calloc (in /usr/libexec/valgrind/vgpreload_memcheck-amd64-linux.so)
==2857640==    by 0x48B80B2: XOpenDisplay (in /usr/lib/x86_64-linux-gnu/libX11.so.6.4.0)
==2857640==    by 0x1156D2: mlx_init (in /nfs/homes/atucci/Desktop/mioGithubMiniRT/miniRT)
==2857640==    by 0x10A74A: manage_mlx (manage_mlx.c:106)
==2857640==    by 0x10A5FB: main (main.c:40)
==2857640== 
==2857640== 208 bytes in 1 blocks are still reachable in loss record 35 of 55
==2857640==    at 0x4848899: malloc (in /usr/libexec/valgrind/vgpreload_memcheck-amd64-linux.so)
==2857640==    by 0x4877AE9: ??? (in /usr/lib/x86_64-linux-gnu/libXext.so.6.4.0)
==2857640==    by 0x48799DF: XextAddDisplay (in /usr/lib/x86_64-linux-gnu/libXext.so.6.4.0)
==2857640==    by 0x487E9E2: XShmQueryVersion (in /usr/lib/x86_64-linux-gnu/libXext.so.6.4.0)
==2857640==    by 0x1157F0: mlx_int_deal_shm (in /nfs/homes/atucci/Desktop/mioGithubMiniRT/miniRT)
==2857640==    by 0x115765: mlx_init (in /nfs/homes/atucci/Desktop/mioGithubMiniRT/miniRT)
==2857640==    by 0x10A74A: manage_mlx (manage_mlx.c:106)
==2857640==    by 0x10A5FB: main (main.c:40)
==2857640== 
==2857640== 208 bytes in 1 blocks are still reachable in loss record 36 of 55
==2857640==    at 0x4848899: malloc (in /usr/libexec/valgrind/vgpreload_memcheck-amd64-linux.so)
==2857640==    by 0x48C9FAE: _XEnq (in /usr/lib/x86_64-linux-gnu/libX11.so.6.4.0)
==2857640==    by 0x48CCBB6: ??? (in /usr/lib/x86_64-linux-gnu/libX11.so.6.4.0)
==2857640==    by 0x48CDEC0: _XReadEvents (in /usr/lib/x86_64-linux-gnu/libX11.so.6.4.0)
==2857640==    by 0x48CE205: XWindowEvent (in /usr/lib/x86_64-linux-gnu/libX11.so.6.4.0)
==2857640==    by 0x115D01: mlx_int_wait_first_expose (in /nfs/homes/atucci/Desktop/mioGithubMiniRT/miniRT)
==2857640==    by 0x115AC2: mlx_new_window (in /nfs/homes/atucci/Desktop/mioGithubMiniRT/miniRT)
==2857640==    by 0x10A785: manage_mlx (manage_mlx.c:110)
==2857640==    by 0x10A5FB: main (main.c:40)
==2857640== 
==2857640== 512 bytes in 1 blocks are still reachable in loss record 37 of 55
==2857640==    at 0x484DA83: calloc (in /usr/libexec/valgrind/vgpreload_memcheck-amd64-linux.so)
==2857640==    by 0x48B346A: ??? (in /usr/lib/x86_64-linux-gnu/libX11.so.6.4.0)
==2857640==    by 0x48B384E: XInternAtom (in /usr/lib/x86_64-linux-gnu/libX11.so.6.4.0)
==2857640==    by 0x115744: mlx_init (in /nfs/homes/atucci/Desktop/mioGithubMiniRT/miniRT)
==2857640==    by 0x10A74A: manage_mlx (manage_mlx.c:106)
==2857640==    by 0x10A5FB: main (main.c:40)
==2857640== 
==2857640== 624 bytes in 3 blocks are still reachable in loss record 38 of 55
==2857640==    at 0x4848899: malloc (in /usr/libexec/valgrind/vgpreload_memcheck-amd64-linux.so)
==2857640==    by 0x48C9FAE: _XEnq (in /usr/lib/x86_64-linux-gnu/libX11.so.6.4.0)
==2857640==    by 0x48CCBB6: ??? (in /usr/lib/x86_64-linux-gnu/libX11.so.6.4.0)
==2857640==    by 0x48CDEC0: _XReadEvents (in /usr/lib/x86_64-linux-gnu/libX11.so.6.4.0)
==2857640==    by 0x48CE1D0: XWindowEvent (in /usr/lib/x86_64-linux-gnu/libX11.so.6.4.0)
==2857640==    by 0x115D01: mlx_int_wait_first_expose (in /nfs/homes/atucci/Desktop/mioGithubMiniRT/miniRT)
==2857640==    by 0x115AC2: mlx_new_window (in /nfs/homes/atucci/Desktop/mioGithubMiniRT/miniRT)
==2857640==    by 0x10A785: manage_mlx (manage_mlx.c:110)
==2857640==    by 0x10A5FB: main (main.c:40)
==2857640== 
==2857640== 832 bytes in 4 blocks are still reachable in loss record 39 of 55
==2857640==    at 0x4848899: malloc (in /usr/libexec/valgrind/vgpreload_memcheck-amd64-linux.so)
==2857640==    by 0x48C9FAE: _XEnq (in /usr/lib/x86_64-linux-gnu/libX11.so.6.4.0)
==2857640==    by 0x48CCBB6: ??? (in /usr/lib/x86_64-linux-gnu/libX11.so.6.4.0)
==2857640==    by 0x48CCC69: _XEventsQueued (in /usr/lib/x86_64-linux-gnu/libX11.so.6.4.0)
==2857640==    by 0x48A787D: XFlush (in /usr/lib/x86_64-linux-gnu/libX11.so.6.4.0)
==2857640==    by 0x116029: mlx_int_new_xshm_image (in /nfs/homes/atucci/Desktop/mioGithubMiniRT/miniRT)
==2857640==    by 0x116153: mlx_new_image (in /nfs/homes/atucci/Desktop/mioGithubMiniRT/miniRT)
==2857640==    by 0x10A7B4: my_new_image (manage_mlx.c:19)
==2857640==    by 0x10A7B4: manage_mlx (manage_mlx.c:111)
==2857640==    by 0x10A5FB: main (main.c:40)
==2857640== 
==2857640== 1,248 bytes in 6 blocks are still reachable in loss record 40 of 55
==2857640==    at 0x4848899: malloc (in /usr/libexec/valgrind/vgpreload_memcheck-amd64-linux.so)
==2857640==    by 0x48C9FAE: _XEnq (in /usr/lib/x86_64-linux-gnu/libX11.so.6.4.0)
==2857640==    by 0x48CCBB6: ??? (in /usr/lib/x86_64-linux-gnu/libX11.so.6.4.0)
==2857640==    by 0x48CDF01: _XReadEvents (in /usr/lib/x86_64-linux-gnu/libX11.so.6.4.0)
==2857640==    by 0x48CE1D0: XWindowEvent (in /usr/lib/x86_64-linux-gnu/libX11.so.6.4.0)
==2857640==    by 0x115D01: mlx_int_wait_first_expose (in /nfs/homes/atucci/Desktop/mioGithubMiniRT/miniRT)
==2857640==    by 0x115AC2: mlx_new_window (in /nfs/homes/atucci/Desktop/mioGithubMiniRT/miniRT)
==2857640==    by 0x10A785: manage_mlx (manage_mlx.c:110)
==2857640==    by 0x10A5FB: main (main.c:40)
==2857640== 
==2857640== 1,248 bytes in 6 blocks are still reachable in loss record 41 of 55
==2857640==    at 0x4848899: malloc (in /usr/libexec/valgrind/vgpreload_memcheck-amd64-linux.so)
==2857640==    by 0x48C9FAE: _XEnq (in /usr/lib/x86_64-linux-gnu/libX11.so.6.4.0)
==2857640==    by 0x48CCBB6: ??? (in /usr/lib/x86_64-linux-gnu/libX11.so.6.4.0)
==2857640==    by 0x48CCC69: _XEventsQueued (in /usr/lib/x86_64-linux-gnu/libX11.so.6.4.0)
==2857640==    by 0x48A787D: XFlush (in /usr/lib/x86_64-linux-gnu/libX11.so.6.4.0)
==2857640==    by 0x1162D0: mlx_put_image_to_window (in /nfs/homes/atucci/Desktop/mioGithubMiniRT/miniRT)
==2857640==    by 0x10A7EE: manage_mlx (manage_mlx.c:113)
==2857640==    by 0x10A5FB: main (main.c:40)
==2857640== 
==2857640== 2,496 bytes in 12 blocks are still reachable in loss record 42 of 55
==2857640==    at 0x4848899: malloc (in /usr/libexec/valgrind/vgpreload_memcheck-amd64-linux.so)
==2857640==    by 0x48C9FAE: _XEnq (in /usr/lib/x86_64-linux-gnu/libX11.so.6.4.0)
==2857640==    by 0x48CCBB6: ??? (in /usr/lib/x86_64-linux-gnu/libX11.so.6.4.0)
==2857640==    by 0x48CDF01: _XReadEvents (in /usr/lib/x86_64-linux-gnu/libX11.so.6.4.0)
==2857640==    by 0x48CE205: XWindowEvent (in /usr/lib/x86_64-linux-gnu/libX11.so.6.4.0)
==2857640==    by 0x115D01: mlx_int_wait_first_expose (in /nfs/homes/atucci/Desktop/mioGithubMiniRT/miniRT)
==2857640==    by 0x115AC2: mlx_new_window (in /nfs/homes/atucci/Desktop/mioGithubMiniRT/miniRT)
==2857640==    by 0x10A785: manage_mlx (manage_mlx.c:110)
==2857640==    by 0x10A5FB: main (main.c:40)
==2857640== 
==2857640== 4,704 bytes in 1 blocks are still reachable in loss record 43 of 55
==2857640==    at 0x484DA83: calloc (in /usr/libexec/valgrind/vgpreload_memcheck-amd64-linux.so)
==2857640==    by 0x48B7B31: XOpenDisplay (in /usr/lib/x86_64-linux-gnu/libX11.so.6.4.0)
==2857640==    by 0x1156D2: mlx_init (in /nfs/homes/atucci/Desktop/mioGithubMiniRT/miniRT)
==2857640==    by 0x10A74A: manage_mlx (manage_mlx.c:106)
==2857640==    by 0x10A5FB: main (main.c:40)
==2857640== 
==2857640== 9,572 bytes in 1 blocks are still reachable in loss record 44 of 55
==2857640==    at 0x484DCD3: realloc (in /usr/libexec/valgrind/vgpreload_memcheck-amd64-linux.so)
==2857640==    by 0x4D054FB: xcb_connect_to_fd (in /usr/lib/x86_64-linux-gnu/libxcb.so.1.1.0)
==2857640==    by 0x4D05E6B: xcb_connect_to_display_with_auth_info (in /usr/lib/x86_64-linux-gnu/libxcb.so.1.1.0)
==2857640==    by 0x48C7EE9: _XConnectXCB (in /usr/lib/x86_64-linux-gnu/libX11.so.6.4.0)
==2857640==    by 0x48B7B68: XOpenDisplay (in /usr/lib/x86_64-linux-gnu/libX11.so.6.4.0)
==2857640==    by 0x1156D2: mlx_init (in /nfs/homes/atucci/Desktop/mioGithubMiniRT/miniRT)
==2857640==    by 0x10A74A: manage_mlx (manage_mlx.c:106)
==2857640==    by 0x10A5FB: main (main.c:40)
==2857640== 
==2857640== 16,384 bytes in 1 blocks are still reachable in loss record 45 of 55
==2857640==    at 0x484DA83: calloc (in /usr/libexec/valgrind/vgpreload_memcheck-amd64-linux.so)
==2857640==    by 0x48B7EBE: XOpenDisplay (in /usr/lib/x86_64-linux-gnu/libX11.so.6.4.0)
==2857640==    by 0x1156D2: mlx_init (in /nfs/homes/atucci/Desktop/mioGithubMiniRT/miniRT)
==2857640==    by 0x10A74A: manage_mlx (manage_mlx.c:106)
==2857640==    by 0x10A5FB: main (main.c:40)
==2857640== 
==2857640== 21,168 bytes in 1 blocks are still reachable in loss record 46 of 55
==2857640==    at 0x484DA83: calloc (in /usr/libexec/valgrind/vgpreload_memcheck-amd64-linux.so)
==2857640==    by 0x4D05204: xcb_connect_to_fd (in /usr/lib/x86_64-linux-gnu/libxcb.so.1.1.0)
==2857640==    by 0x4D05E6B: xcb_connect_to_display_with_auth_info (in /usr/lib/x86_64-linux-gnu/libxcb.so.1.1.0)
==2857640==    by 0x48C7EE9: _XConnectXCB (in /usr/lib/x86_64-linux-gnu/libX11.so.6.4.0)
==2857640==    by 0x48B7B68: XOpenDisplay (in /usr/lib/x86_64-linux-gnu/libX11.so.6.4.0)
==2857640==    by 0x1156D2: mlx_init (in /nfs/homes/atucci/Desktop/mioGithubMiniRT/miniRT)
==2857640==    by 0x10A74A: manage_mlx (manage_mlx.c:106)
==2857640==    by 0x10A5FB: main (main.c:40)
==2857640== 
==2857640== 21,840 bytes in 2 blocks are still reachable in loss record 47 of 55
==2857640==    at 0x484DA83: calloc (in /usr/libexec/valgrind/vgpreload_memcheck-amd64-linux.so)
==2857640==    by 0x48B8290: XOpenDisplay (in /usr/lib/x86_64-linux-gnu/libX11.so.6.4.0)
==2857640==    by 0x1156D2: mlx_init (in /nfs/homes/atucci/Desktop/mioGithubMiniRT/miniRT)
==2857640==    by 0x10A74A: manage_mlx (manage_mlx.c:106)
==2857640==    by 0x10A5FB: main (main.c:40)
==2857640== 
==2857640== 1,444,960 bytes in 45,155 blocks are indirectly lost in loss record 48 of 55
==2857640==    at 0x4848899: malloc (in /usr/libexec/valgrind/vgpreload_memcheck-amd64-linux.so)
==2857640==    by 0x10E737: malloc_matrix (matrix_utils.c:39)
==2857640==    by 0x10EA63: copy_matrix (initialize_matrix.c:24)
==2857640==    by 0x111C52: intersect_cylinder (intersection_cylinder.c:115)
==2857640==    by 0x1129E1: intersect_world (is_shadowed.c:48)
==2857640==    by 0x112AEC: is_shadowed (is_shadowed.c:69)
==2857640==    by 0x112EDB: shade_hit (computation.c:58)
==2857640==    by 0x110C60: each_pixel_calculationV2 (cast_ray_helper.c:95)
==2857640==    by 0x11099C: cast_rays (cast_ray.c:94)
==2857640==    by 0x10AFA4: draw_scene (draw_scene.c:67)
==2857640==    by 0x10A7D8: manage_mlx (manage_mlx.c:112)
==2857640==    by 0x10A5FB: main (main.c:40)
==2857640== 
==2857640== 1,444,992 bytes in 45,156 blocks are indirectly lost in loss record 49 of 55
==2857640==    at 0x4848899: malloc (in /usr/libexec/valgrind/vgpreload_memcheck-amd64-linux.so)
==2857640==    by 0x10E737: malloc_matrix (matrix_utils.c:39)
==2857640==    by 0x10FCF5: divide_matrix (inversing.c:33)
==2857640==    by 0x10FCF5: inversing_matrix (inversing.c:103)
==2857640==    by 0x111C5F: intersect_cylinder (intersection_cylinder.c:115)
==2857640==    by 0x1129E1: intersect_world (is_shadowed.c:48)
==2857640==    by 0x112AEC: is_shadowed (is_shadowed.c:69)
==2857640==    by 0x112EDB: shade_hit (computation.c:58)
==2857640==    by 0x110C60: each_pixel_calculationV2 (cast_ray_helper.c:95)
==2857640==    by 0x11099C: cast_rays (cast_ray.c:94)
==2857640==    by 0x10AFA4: draw_scene (draw_scene.c:67)
==2857640==    by 0x10A7D8: manage_mlx (manage_mlx.c:112)
==2857640==    by 0x10A5FB: main (main.c:40)
==2857640== 
==2857640== 1,806,208 (361,248 direct, 1,444,960 indirect) bytes in 11,289 blocks are definitely lost in loss record 50 of 55
==2857640==    at 0x4848899: malloc (in /usr/libexec/valgrind/vgpreload_memcheck-amd64-linux.so)
==2857640==    by 0x10E710: malloc_matrix (matrix_utils.c:36)
==2857640==    by 0x10EA63: copy_matrix (initialize_matrix.c:24)
==2857640==    by 0x111C52: intersect_cylinder (intersection_cylinder.c:115)
==2857640==    by 0x1129E1: intersect_world (is_shadowed.c:48)
==2857640==    by 0x112AEC: is_shadowed (is_shadowed.c:69)
==2857640==    by 0x112EDB: shade_hit (computation.c:58)
==2857640==    by 0x110C60: each_pixel_calculationV2 (cast_ray_helper.c:95)
==2857640==    by 0x11099C: cast_rays (cast_ray.c:94)
==2857640==    by 0x10AFA4: draw_scene (draw_scene.c:67)
==2857640==    by 0x10A7D8: manage_mlx (manage_mlx.c:112)
==2857640==    by 0x10A5FB: main (main.c:40)
==2857640== 
==2857640== 1,806,240 (361,248 direct, 1,444,992 indirect) bytes in 11,289 blocks are definitely lost in loss record 51 of 55
==2857640==    at 0x4848899: malloc (in /usr/libexec/valgrind/vgpreload_memcheck-amd64-linux.so)
==2857640==    by 0x10E710: malloc_matrix (matrix_utils.c:36)
==2857640==    by 0x10FCF5: divide_matrix (inversing.c:33)
==2857640==    by 0x10FCF5: inversing_matrix (inversing.c:103)
==2857640==    by 0x111C5F: intersect_cylinder (intersection_cylinder.c:115)
==2857640==    by 0x1129E1: intersect_world (is_shadowed.c:48)
==2857640==    by 0x112AEC: is_shadowed (is_shadowed.c:69)
==2857640==    by 0x112EDB: shade_hit (computation.c:58)
==2857640==    by 0x110C60: each_pixel_calculationV2 (cast_ray_helper.c:95)
==2857640==    by 0x11099C: cast_rays (cast_ray.c:94)
==2857640==    by 0x10AFA4: draw_scene (draw_scene.c:67)
==2857640==    by 0x10A7D8: manage_mlx (manage_mlx.c:112)
==2857640==    by 0x10A5FB: main (main.c:40)
==2857640== 
==2857640== 2,361,568 bytes in 73,799 blocks are indirectly lost in loss record 52 of 55
==2857640==    at 0x4848899: malloc (in /usr/libexec/valgrind/vgpreload_memcheck-amd64-linux.so)
==2857640==    by 0x10E737: malloc_matrix (matrix_utils.c:39)
==2857640==    by 0x10FCF5: divide_matrix (inversing.c:33)
==2857640==    by 0x10FCF5: inversing_matrix (inversing.c:103)
==2857640==    by 0x111C5F: intersect_cylinder (intersection_cylinder.c:115)
==2857640==    by 0x110BC0: each_pixel_calculationV2 (cast_ray_helper.c:81)
==2857640==    by 0x11099C: cast_rays (cast_ray.c:94)
==2857640==    by 0x10AFA4: draw_scene (draw_scene.c:67)
==2857640==    by 0x10A7D8: manage_mlx (manage_mlx.c:112)
==2857640==    by 0x10A5FB: main (main.c:40)
==2857640== 
==2857640== 2,361,600 bytes in 73,800 blocks are indirectly lost in loss record 53 of 55
==2857640==    at 0x4848899: malloc (in /usr/libexec/valgrind/vgpreload_memcheck-amd64-linux.so)
==2857640==    by 0x10E737: malloc_matrix (matrix_utils.c:39)
==2857640==    by 0x10EA63: copy_matrix (initialize_matrix.c:24)
==2857640==    by 0x111C52: intersect_cylinder (intersection_cylinder.c:115)
==2857640==    by 0x110BC0: each_pixel_calculationV2 (cast_ray_helper.c:81)
==2857640==    by 0x11099C: cast_rays (cast_ray.c:94)
==2857640==    by 0x10AFA4: draw_scene (draw_scene.c:67)
==2857640==    by 0x10A7D8: manage_mlx (manage_mlx.c:112)
==2857640==    by 0x10A5FB: main (main.c:40)
==2857640== 
==2857640== 2,951,968 (590,400 direct, 2,361,568 indirect) bytes in 18,450 blocks are definitely lost in loss record 54 of 55
==2857640==    at 0x4848899: malloc (in /usr/libexec/valgrind/vgpreload_memcheck-amd64-linux.so)
==2857640==    by 0x10E710: malloc_matrix (matrix_utils.c:36)
==2857640==    by 0x10FCF5: divide_matrix (inversing.c:33)
==2857640==    by 0x10FCF5: inversing_matrix (inversing.c:103)
==2857640==    by 0x111C5F: intersect_cylinder (intersection_cylinder.c:115)
==2857640==    by 0x110BC0: each_pixel_calculationV2 (cast_ray_helper.c:81)
==2857640==    by 0x11099C: cast_rays (cast_ray.c:94)
==2857640==    by 0x10AFA4: draw_scene (draw_scene.c:67)
==2857640==    by 0x10A7D8: manage_mlx (manage_mlx.c:112)
==2857640==    by 0x10A5FB: main (main.c:40)
==2857640== 
==2857640== 2,952,000 (590,400 direct, 2,361,600 indirect) bytes in 18,450 blocks are definitely lost in loss record 55 of 55
==2857640==    at 0x4848899: malloc (in /usr/libexec/valgrind/vgpreload_memcheck-amd64-linux.so)
==2857640==    by 0x10E710: malloc_matrix (matrix_utils.c:36)
==2857640==    by 0x10EA63: copy_matrix (initialize_matrix.c:24)
==2857640==    by 0x111C52: intersect_cylinder (intersection_cylinder.c:115)
==2857640==    by 0x110BC0: each_pixel_calculationV2 (cast_ray_helper.c:81)
==2857640==    by 0x11099C: cast_rays (cast_ray.c:94)
==2857640==    by 0x10AFA4: draw_scene (draw_scene.c:67)
==2857640==    by 0x10A7D8: manage_mlx (manage_mlx.c:112)
==2857640==    by 0x10A5FB: main (main.c:40)
==2857640== 
==2857640== LEAK SUMMARY:
==2857640==    definitely lost: 1,903,296 bytes in 59,478 blocks
==2857640==    indirectly lost: 7,613,120 bytes in 237,910 blocks
==2857640==      possibly lost: 32 bytes in 1 blocks
==2857640==    still reachable: 83,335 bytes in 73 blocks
==2857640==         suppressed: 0 bytes in 0 blocks
==2857640== 
==2857640== For lists of detected and suppressed errors, rerun with: -s
==2857640== ERROR SUMMARY: 452512 errors from 56 contexts (suppressed: 1 from 1)
